--- 1. Cleaning and Setting up Build Directory ---
--- 2. Running CMake Configuration ---
-- The C compiler identification is GNU 11.4.0
-- The CXX compiler identification is GNU 11.4.0
-- Detecting C compiler ABI info
-- Detecting C compiler ABI info - done
-- Check for working C compiler: /usr/bin/gcc-11 - skipped
-- Detecting C compile features
-- Detecting C compile features - done
-- Detecting CXX compiler ABI info
-- Detecting CXX compiler ABI info - done
-- Check for working CXX compiler: /usr/bin/g++-11 - skipped
-- Detecting CXX compile features
-- Detecting CXX compile features - done
-- MKL NOT ENABLED
-- Found BLAS: /usr/lib/x86_64-linux-gnu/libopenblas.so
-- Found LAPACK: /usr/lib/x86_64-linux-gnu/libopenblas.so
-- Found OpenMP_C: -fopenmp (found version "4.5")
-- Found OpenMP_CXX: -fopenmp (found version "4.5")
-- Found OpenMP: TRUE (found version "4.5")
-- 
-- Configured Eigen 5.0.0-dev+c18f5bc9
-- 
-- Found CUDAToolkit: /usr/local/cuda-12.5/targets/x86_64-linux/include (found version "12.5.82")
-- Performing Test CMAKE_HAVE_LIBC_PTHREAD
-- Performing Test CMAKE_HAVE_LIBC_PTHREAD - Failed
-- Looking for pthread_create in pthreads
-- Looking for pthread_create in pthreads - not found
-- Looking for pthread_create in pthread
-- Looking for pthread_create in pthread - found
-- Found Threads: TRUE
-- The CUDA compiler identification is NVIDIA 12.5.82
-- Detecting CUDA compiler ABI info
-- Detecting CUDA compiler ABI info - done
-- Check for working CUDA compiler: /usr/local/cuda-12.5/bin/nvcc - skipped
-- Detecting CUDA compile features
-- Detecting CUDA compile features - done
-- Configuring done (3.9s)
-- Generating done (0.2s)
-- Build files have been written to: /home/abduraa/MX_project/ooc-cholesky/build
--- 3. Building Libraries (Plasma and mixed_kernels) ---
[  3%] Building CUDA object mixed_kernels/CMakeFiles/mixed_kernels.dir/casting.cu.o
[  3%] Building CXX object mixed_kernels/CMakeFiles/mixed_kernels.dir/syrk.cpp.o
[  3%] Building CXX object mixed_kernels/CMakeFiles/mixed_kernels.dir/gemm.cpp.o
[  4%] Linking CXX static library libmixed_kernels.a
[  4%] Built target mixed_kernels
[ 11%] Building C object CMakeFiles/plasma.dir/control/auxiliary.c.o
[ 18%] Building C object CMakeFiles/plasma.dir/control/allocate.c.o
[ 14%] Building CXX object CMakeFiles/plasma.dir/control/control.cpp.o
[ 18%] Building C object CMakeFiles/plasma.dir/quark/icl_hash.c.o
[ 18%] Building C object CMakeFiles/plasma.dir/quark/quark.c.o
[ 18%] Building C object CMakeFiles/plasma.dir/control/plasma_threadsetting.c.o
[ 18%] Building C object CMakeFiles/plasma.dir/control/plasmaos.c.o
[ 14%] Building C object CMakeFiles/plasma.dir/control/descriptor.c.o
[ 18%] Building C object CMakeFiles/plasma.dir/control/context.c.o
[ 30%] Building C object CMakeFiles/plasma.dir/core_blas-qwrapper/qwrapper_alloc.c.o
[ 30%] Building CXX object CMakeFiles/plasma.dir/control/pdtile_dist.cpp.o
[ 30%] Building C object CMakeFiles/plasma.dir/control/async.c.o
[ 30%] Building C object CMakeFiles/plasma.dir/core_blas/core_dpotrf.c.o
[ 49%] Building C object CMakeFiles/plasma.dir/core_blas/core_dtrsm.c.o
[ 33%] Building C object CMakeFiles/plasma.dir/core_blas/global.c.o
[ 33%] Building C object CMakeFiles/plasma.dir/core_blas/gkkleader.c.o
[ 33%] Building C object CMakeFiles/plasma.dir/quark/icl_list.c.o
[ 49%] Building C object CMakeFiles/plasma.dir/core_blas/descriptor.c.o
[ 33%] Building C object CMakeFiles/plasma.dir/quark/quarkos.c.o
[ 49%] Building C object CMakeFiles/plasma.dir/core_blas/core_dplgsy.c.o
[ 49%] Building C object CMakeFiles/plasma.dir/core_blas/core_dshift.c.o
[ 33%] Building C object CMakeFiles/plasma.dir/core_blas/primes.c.o
[ 50%] Building C object CMakeFiles/plasma.dir/core_blas-qwrapper/qwrapper_dtrsm.c.o
[ 64%] Building C object CMakeFiles/plasma.dir/compute/pdplgsy.c.o
[ 50%] Building C object CMakeFiles/plasma.dir/core_blas-qwrapper/qwrapper_dgetrip.c.o
[ 64%] Building C object CMakeFiles/plasma.dir/compute/pdpotrf.c.o
[ 50%] Building C object CMakeFiles/plasma.dir/core_blas/core_dgemm.c.o
[ 64%] Building C object CMakeFiles/plasma.dir/compute/pdpack.c.o
[ 64%] Building C object CMakeFiles/plasma.dir/compute/dlacpy.c.o
[ 50%] Building C object CMakeFiles/plasma.dir/core_blas/core_dlacpy.c.o
[ 50%] Building C object CMakeFiles/plasma.dir/core_blas/core_dgetrip.c.o
[ 64%] Building C object CMakeFiles/plasma.dir/compute/pdlacpy.c.o
[ 64%] Building C object CMakeFiles/plasma.dir/compute/pdshift.c.o
[ 64%] Building C object CMakeFiles/plasma.dir/core_blas-qwrapper/qwrapper_dplgsy.c.o
[ 50%] Building C object CMakeFiles/plasma.dir/core_blas-qwrapper/qwrapper_dsyrk.c.o
[ 64%] Building C object CMakeFiles/plasma.dir/compute/dpotrf.c.o
[ 50%] Building C object CMakeFiles/plasma.dir/core_blas/core_dsyrk.c.o
[ 64%] Building C object CMakeFiles/plasma.dir/compute/pdgetmi2.c.o
[ 79%] Building C object CMakeFiles/plasma.dir/compute/pdtrsm.c.o
[ 50%] Building C object CMakeFiles/plasma.dir/core_blas-qwrapper/qwrapper_dgemm.c.o
[ 34%] Building C object CMakeFiles/plasma.dir/control/pdtile.c.o
[ 50%] Building C object CMakeFiles/plasma.dir/core_blas/core_dswpab.c.o
[ 64%] Building C object CMakeFiles/plasma.dir/compute/dplgsy.c.o
[ 50%] Building C object CMakeFiles/plasma.dir/core_blas-qwrapper/qwrapper_dpotrf.c.o
[ 64%] Building C object CMakeFiles/plasma.dir/core_blas-qwrapper/qwrapper_dshift.c.o
[ 50%] Building C object CMakeFiles/plasma.dir/core_blas-qwrapper/qwrapper_dlacpy.c.o
[ 64%] Building C object CMakeFiles/plasma.dir/compute/dgecfi2.c.o
[ 80%] Building C object CMakeFiles/plasma.dir/compute/dgecfi.c.o
[ 93%] Building C object CMakeFiles/plasma.dir/compute/pdtrmm.c.o
[ 80%] Building C object CMakeFiles/plasma.dir/core_blas-qwrapper/qwrapper_dpltmg.c.o
[ 93%] Building CXX object CMakeFiles/plasma.dir/control/event.cpp.o
[ 93%] Building CXX object CMakeFiles/plasma.dir/compute/dpotrf_hpcasia24.cpp.o
[ 93%] Building CXX object CMakeFiles/plasma.dir/compute/dpotrf_gpu_dist_mixed_precision.cpp.o
[ 93%] Building C object CMakeFiles/plasma.dir/compute/dpotrf_gpu.c.o
[ 93%] Building CXX object CMakeFiles/plasma.dir/compute/dpotrf_mixed_precision.cpp.o
[ 93%] Building CXX object CMakeFiles/plasma.dir/compute/pdpotrf_gpu_hpcasia24.cpp.o
[ 80%] Building C object CMakeFiles/plasma.dir/core_blas-qwrapper/qwrapper_dtrmm.c.o
[ 93%] Building CUDA object CMakeFiles/plasma.dir/mx_quant/mx_wrapper.cu.o
[ 80%] Building C object CMakeFiles/plasma.dir/core_blas/core_dplrnt.c.o
[ 80%] Building C object CMakeFiles/plasma.dir/compute/pdpltmg.c.o
[ 80%] Building C object CMakeFiles/plasma.dir/compute/dplrnt.c.o
[ 80%] Building C object CMakeFiles/plasma.dir/compute/dgemm.c.o
[ 80%] Building C object CMakeFiles/plasma.dir/compute/dtrmm.c.o
[ 93%] Building CUDA object CMakeFiles/plasma.dir/compute/castType.cu.o
[ 80%] Building C object CMakeFiles/plasma.dir/core_blas/core_dpltmg.c.o
[ 93%] Building CXX object CMakeFiles/plasma.dir/compute/pdpotrf_gpu_mixed_precision.cpp.o
[ 93%] Building CXX object CMakeFiles/plasma.dir/compute/pdpotrf_gpu_dist.cpp.o
[ 80%] Building C object CMakeFiles/plasma.dir/compute/dtrsm.c.o
[ 93%] Building CXX object CMakeFiles/plasma.dir/compute/dpotrf_gpu_dist.cpp.o
[ 93%] Building C object CMakeFiles/plasma.dir/compute/pdpotrf_gpu.c.o
[ 93%] Building CXX object CMakeFiles/plasma.dir/compute/pdpotrf_gpu_dist_mixed_precision.cpp.o
[ 80%] Building C object CMakeFiles/plasma.dir/compute/dpltmg.c.o
[ 95%] Linking CXX static library libplasma.a
[ 95%] Built target plasma
[ 96%] Building C object CMakeFiles/example_dpotrf.dir/examples/example_dpotrf.c.o
[ 97%] Building CXX object CMakeFiles/example_dpotrf_gpu.dir/examples/example_dpotrf_gpu.cpp.o
[ 98%] Linking CXX executable example_dpotrf
[ 98%] Built target example_dpotrf
[100%] Linking CXX executable example_dpotrf_gpu
[100%] Built target example_dpotrf_gpu
--- 4. Moving to Examples and Compiling Custom CUDA Object (mx_wrapper.o) ---
--- 5. Linking Final Executable (example_tiled_SPD) ---
--- 6. Running the Mixed-Precision Executable ---
[DEBUG] using NB=128 (autotune=0)

[DEBUG] --- ENTERING makeMixedPrecisionTiledArray ---
[DEBUG] nb used: 128, nt: 8

[DEBUG] Epsilon Ratio for Tile (0, 0): 2.77576
[DEBUG] Source Epsilon / FP32 Epsilon: 1
---------------- Tile (0, 0) selected for CUDA_R_32F -------------------
---------------- Tile (1, 0) selected for CUDA_R_32F -------------------

[DEBUG] Epsilon Ratio for Tile (1, 1): 2.76974
[DEBUG] Source Epsilon / FP32 Epsilon: 1
---------------- Tile (1, 1) selected for CUDA_R_32F -------------------
---------------- Tile (2, 0) selected for CUDA_R_32F -------------------
---------------- Tile (2, 1) selected for CUDA_R_32F -------------------

[DEBUG] Epsilon Ratio for Tile (2, 2): 2.75876
[DEBUG] Source Epsilon / FP32 Epsilon: 1
---------------- Tile (2, 2) selected for CUDA_R_32F -------------------
---------------- Tile (3, 0) selected for CUDA_R_32F -------------------
---------------- Tile (3, 1) selected for CUDA_R_32F -------------------
---------------- Tile (3, 2) selected for CUDA_R_32F -------------------

[DEBUG] Epsilon Ratio for Tile (3, 3): 2.78759
[DEBUG] Source Epsilon / FP32 Epsilon: 1
---------------- Tile (3, 3) selected for CUDA_R_32F -------------------
--- Tile (4, 0) selected for CUDA_R_32F (MX E4M3 Quantization) ---
  Tile Size: 16384, Global Max: 4.50052e-05
  Launching mx_quantize_fp32_to_mx kernel (ebits=4, mbits=3, norm=448.0f)...
---------------- Tile (4, 1) selected for CUDA_R_32F -------------------
--- Tile (4, 2) selected for CUDA_R_32F (MX E4M3 Quantization) ---
  Tile Size: 16384, Global Max: 2.54306e-05
  Launching mx_quantize_fp32_to_mx kernel (ebits=4, mbits=3, norm=448.0f)...
---------------- Tile (4, 3) selected for CUDA_R_32F -------------------

[DEBUG] Epsilon Ratio for Tile (4, 4): 2.74319
[DEBUG] Source Epsilon / FP32 Epsilon: 1
---------------- Tile (4, 4) selected for CUDA_R_32F -------------------
--- Tile (5, 0) selected for CUDA_R_32F (MX E4M3 Quantization) ---
  Tile Size: 16384, Global Max: 3.45036e-09
  Launching mx_quantize_fp32_to_mx kernel (ebits=4, mbits=3, norm=448.0f)...
--- Tile (5, 1) selected for CUDA_R_32F (MX E4M3 Quantization) ---
  Tile Size: 16384, Global Max: 4.70617e-05
  Launching mx_quantize_fp32_to_mx kernel (ebits=4, mbits=3, norm=448.0f)...
--- Tile (5, 2) selected for CUDA_R_32F (MX E4M3 Quantization) ---
  Tile Size: 16384, Global Max: 1.7657e-09
  Launching mx_quantize_fp32_to_mx kernel (ebits=4, mbits=3, norm=448.0f)...
--- Tile (5, 3) selected for CUDA_R_32F (MX E4M3 Quantization) ---
  Tile Size: 16384, Global Max: 1.11058e-05
  Launching mx_quantize_fp32_to_mx kernel (ebits=4, mbits=3, norm=448.0f)...
---------------- Tile (5, 4) selected for CUDA_R_32F -------------------

[DEBUG] Epsilon Ratio for Tile (5, 5): 2.78657
[DEBUG] Source Epsilon / FP32 Epsilon: 1
---------------- Tile (5, 5) selected for CUDA_R_32F -------------------
--- Tile (6, 0) selected for CUDA_R_32F (MX E4M3 Quantization) ---
  Tile Size: 16384, Global Max: 1.68085e-05
  Launching mx_quantize_fp32_to_mx kernel (ebits=4, mbits=3, norm=448.0f)...
---------------- Tile (6, 1) selected for CUDA_R_32F -------------------
--- Tile (6, 2) selected for CUDA_R_32F (MX E4M3 Quantization) ---
  Tile Size: 16384, Global Max: 4.80611e-05
  Launching mx_quantize_fp32_to_mx kernel (ebits=4, mbits=3, norm=448.0f)...
---------------- Tile (6, 3) selected for CUDA_R_32F -------------------
---------------- Tile (6, 4) selected for CUDA_R_32F -------------------
---------------- Tile (6, 5) selected for CUDA_R_32F -------------------

[DEBUG] Epsilon Ratio for Tile (6, 6): 2.77432
[DEBUG] Source Epsilon / FP32 Epsilon: 1
---------------- Tile (6, 6) selected for CUDA_R_32F -------------------
--- Tile (7, 0) selected for CUDA_R_32F (MX E4M3 Quantization) ---
  Tile Size: 16384, Global Max: 2.29268e-09
  Launching mx_quantize_fp32_to_mx kernel (ebits=4, mbits=3, norm=448.0f)...
--- Tile (7, 1) selected for CUDA_R_32F (MX E4M3 Quantization) ---
  Tile Size: 16384, Global Max: 2.89368e-05
  Launching mx_quantize_fp32_to_mx kernel (ebits=4, mbits=3, norm=448.0f)...
--- Tile (7, 2) selected for CUDA_R_32F (MX E4M3 Quantization) ---
  Tile Size: 16384, Global Max: 3.77909e-09
  Launching mx_quantize_fp32_to_mx kernel (ebits=4, mbits=3, norm=448.0f)...
--- Tile (7, 3) selected for CUDA_R_32F (MX E4M3 Quantization) ---
  Tile Size: 16384, Global Max: 3.59536e-05
  Launching mx_quantize_fp32_to_mx kernel (ebits=4, mbits=3, norm=448.0f)...
---------------- Tile (7, 4) selected for CUDA_R_32F -------------------
---------------- Tile (7, 5) selected for CUDA_R_32F -------------------
---------------- Tile (7, 6) selected for CUDA_R_32F -------------------

[DEBUG] Epsilon Ratio for Tile (7, 7): 2.77198
[DEBUG] Source Epsilon / FP32 Epsilon: 1
---------------- Tile (7, 7) selected for CUDA_R_32F -------------------
cublas failed with code "7" in /home/abduraa/MX_project/ooc-cholesky/compute/pdpotrf_gpu_mixed_precision.cpp:802
cublas failed with code "7" in /home/abduraa/MX_project/ooc-cholesky/compute/pdpotrf_gpu_mixed_precision.cpp:802
cublas failed with code "7" in /home/abduraa/MX_project/ooc-cholesky/compute/pdpotrf_gpu_mixed_precision.cpp:802
cublas failed with code "7" in /home/abduraa/MX_project/ooc-cholesky/compute/pdpotrf_gpu_mixed_precision.cpp:802
cublas failed with code "7" in /home/abduraa/MX_project/ooc-cholesky/compute/pdpotrf_gpu_mixed_precision.cpp:802
cublas failed with code "7" in /home/abduraa/MX_project/ooc-cholesky/compute/pdpotrf_gpu_mixed_precision.cpp:802
cublas failed with code "7" in /home/abduraa/MX_project/ooc-cholesky/compute/pdpotrf_gpu_mixed_precision.cpp:802
cublas failed with code "7" in /home/abduraa/MX_project/ooc-cholesky/compute/pdpotrf_gpu_mixed_precision.cpp:802
cublas failed with code "7" in /home/abduraa/MX_project/ooc-cholesky/compute/pdpotrf_gpu_mixed_precision.cpp:802
cublas failed with code "7" in /home/abduraa/MX_project/ooc-cholesky/compute/pdpotrf_gpu_mixed_precision.cpp:802
cublas failed with code "7" in /home/abduraa/MX_project/ooc-cholesky/compute/pdpotrf_gpu_mixed_precision.cpp:802
cublas failed with code "7" in /home/abduraa/MX_project/ooc-cholesky/compute/pdpotrf_gpu_mixed_precision.cpp:802
cublas failed with code "7" in /home/abduraa/MX_project/ooc-cholesky/compute/pdpotrf_gpu_mixed_precision.cpp:802
cublas failed with code "7" in /home/abduraa/MX_project/ooc-cholesky/compute/pdpotrf_gpu_mixed_precision.cpp:802
cublas failed with code "7" in /home/abduraa/MX_project/ooc-cholesky/compute/pdpotrf_gpu_mixed_precision.cpp:802
cublas failed with code "7" in /home/abduraa/MX_project/ooc-cholesky/compute/pdpotrf_gpu_mixed_precision.cpp:802
cublas failed with code "7" in /home/abduraa/MX_project/ooc-cholesky/compute/pdpotrf_gpu_mixed_precision.cpp:802
cublas failed with code "7" in /home/abduraa/MX_project/ooc-cholesky/compute/pdpotrf_gpu_mixed_precision.cpp:802
cublas failed with code "7" in /home/abduraa/MX_project/ooc-cholesky/compute/pdpotrf_gpu_mixed_precision.cpp:802
cublas failed with code "7" in /home/abduraa/MX_project/ooc-cholesky/compute/pdpotrf_gpu_mixed_precision.cpp:802
cublas failed with code "7" in /home/abduraa/MX_project/ooc-cholesky/compute/pdpotrf_gpu_mixed_precision.cpp:802
cublas failed with code "7" in /home/abduraa/MX_project/ooc-cholesky/compute/pdpotrf_gpu_mixed_precision.cpp:802
cublas failed with code "7" in /home/abduraa/MX_project/ooc-cholesky/compute/pdpotrf_gpu_mixed_precision.cpp:802
cublas failed with code "7" in /home/abduraa/MX_project/ooc-cholesky/compute/pdpotrf_gpu_mixed_precision.cpp:802
cublas failed with code "7" in /home/abduraa/MX_project/ooc-cholesky/compute/pdpotrf_gpu_mixed_precision.cpp:802
cublas failed with code "7" in /home/abduraa/MX_project/ooc-cholesky/compute/pdpotrf_gpu_mixed_precision.cpp:802
cublas failed with code "7" in /home/abduraa/MX_project/ooc-cholesky/compute/pdpotrf_gpu_mixed_precision.cpp:802
cublas failed with code "7" in /home/abduraa/MX_project/ooc-cholesky/compute/pdpotrf_gpu_mixed_precision.cpp:802
FLOPS: 0.005990
[TIMES] tile+quant(us): 100048, factor(us): 59812, uncompress(us): 0
Runtime: 187655283 microseconds
error: 1.58725
Log: /home/abduraa/MX_project/logs/mx_ooc_data/run_20260127_171318.log
Summary: /home/abduraa/MX_project/logs/mx_ooc_data/summary_rel_error.txt
--- Script Execution Complete ---
