--- 1. Cleaning and Setting up Build Directory ---
--- 2. Running CMake Configuration ---
-- The C compiler identification is GNU 11.4.0
-- The CXX compiler identification is GNU 11.4.0
-- Detecting C compiler ABI info
-- Detecting C compiler ABI info - done
-- Check for working C compiler: /usr/bin/gcc-11 - skipped
-- Detecting C compile features
-- Detecting C compile features - done
-- Detecting CXX compiler ABI info
-- Detecting CXX compiler ABI info - done
-- Check for working CXX compiler: /usr/bin/g++-11 - skipped
-- Detecting CXX compile features
-- Detecting CXX compile features - done
-- MKL NOT ENABLED
-- Found BLAS: /usr/lib/x86_64-linux-gnu/libopenblas.so
-- Found LAPACK: /usr/lib/x86_64-linux-gnu/libopenblas.so
-- Found OpenMP_C: -fopenmp (found version "4.5")
-- Found OpenMP_CXX: -fopenmp (found version "4.5")
-- Found OpenMP: TRUE (found version "4.5")
-- 
-- Configured Eigen 5.0.0-dev+c18f5bc9
-- 
-- Found CUDAToolkit: /usr/local/cuda-12.5/targets/x86_64-linux/include (found version "12.5.82")
-- Performing Test CMAKE_HAVE_LIBC_PTHREAD
-- Performing Test CMAKE_HAVE_LIBC_PTHREAD - Failed
-- Looking for pthread_create in pthreads
-- Looking for pthread_create in pthreads - not found
-- Looking for pthread_create in pthread
-- Looking for pthread_create in pthread - found
-- Found Threads: TRUE
-- The CUDA compiler identification is NVIDIA 12.5.82
-- Detecting CUDA compiler ABI info
-- Detecting CUDA compiler ABI info - done
-- Check for working CUDA compiler: /usr/local/cuda-12.5/bin/nvcc - skipped
-- Detecting CUDA compile features
-- Detecting CUDA compile features - done
-- Configuring done (3.9s)
-- Generating done (0.2s)
-- Build files have been written to: /home/abduraa/MX_project/ooc-cholesky/build
--- 3. Building Libraries (Plasma and mixed_kernels) ---
[  3%] Building CXX object mixed_kernels/CMakeFiles/mixed_kernels.dir/gemm.cpp.o
[  3%] Building CUDA object mixed_kernels/CMakeFiles/mixed_kernels.dir/casting.cu.o
[  3%] Building CXX object mixed_kernels/CMakeFiles/mixed_kernels.dir/syrk.cpp.o
[  5%] Linking CXX static library libmixed_kernels.a
[  5%] Built target mixed_kernels
[ 10%] Building C object CMakeFiles/plasma.dir/control/context.c.o
[ 10%] Building CXX object CMakeFiles/plasma.dir/control/control.cpp.o
[ 11%] Building C object CMakeFiles/plasma.dir/control/descriptor.c.o
[ 16%] Building C object CMakeFiles/plasma.dir/control/plasma_threadsetting.c.o
[ 11%] Building C object CMakeFiles/plasma.dir/control/auxiliary.c.o
[ 20%] Building C object CMakeFiles/plasma.dir/control/plasmaos.c.o
[ 20%] Building C object CMakeFiles/plasma.dir/control/allocate.c.o
[ 20%] Building C object CMakeFiles/plasma.dir/quark/icl_list.c.o
[ 20%] Building C object CMakeFiles/plasma.dir/quark/icl_hash.c.o
[ 35%] Building C object CMakeFiles/plasma.dir/core_blas/core_dpotrf.c.o
[ 21%] Building C object CMakeFiles/plasma.dir/quark/quarkos.c.o
[ 35%] Building CXX object CMakeFiles/plasma.dir/control/pdtile_dist.cpp.o
[ 35%] Building C object CMakeFiles/plasma.dir/control/async.c.o
[ 35%] Building C object CMakeFiles/plasma.dir/core_blas/gkkleader.c.o
[ 35%] Building C object CMakeFiles/plasma.dir/control/pdtile.c.o
[ 35%] Building C object CMakeFiles/plasma.dir/quark/quark.c.o
[ 35%] Building C object CMakeFiles/plasma.dir/core_blas/descriptor.c.o
[ 35%] Building C object CMakeFiles/plasma.dir/core_blas/core_dsyrk.c.o
[ 35%] Building C object CMakeFiles/plasma.dir/core_blas-qwrapper/qwrapper_alloc.c.o
[ 35%] Building C object CMakeFiles/plasma.dir/core_blas/primes.c.o
[ 35%] Building C object CMakeFiles/plasma.dir/core_blas/global.c.o
[ 35%] Building C object CMakeFiles/plasma.dir/core_blas-qwrapper/qwrapper_dtrsm.c.o
[ 55%] Building C object CMakeFiles/plasma.dir/compute/pdpotrf.c.o
[ 55%] Building C object CMakeFiles/plasma.dir/core_blas-qwrapper/qwrapper_dlacpy.c.o
[ 55%] Building C object CMakeFiles/plasma.dir/core_blas/core_dswpab.c.o
[ 75%] Building C object CMakeFiles/plasma.dir/compute/dlacpy.c.o
[ 56%] Building C object CMakeFiles/plasma.dir/core_blas-qwrapper/qwrapper_dsyrk.c.o
[ 93%] Building CUDA object CMakeFiles/plasma.dir/compute/castType.cu.o
[ 76%] Building C object CMakeFiles/plasma.dir/compute/pdplgsy.c.o
[ 57%] Building C object CMakeFiles/plasma.dir/core_blas/core_dgetrip.c.o
[ 57%] Building C object CMakeFiles/plasma.dir/core_blas-qwrapper/qwrapper_dpotrf.c.o
[ 76%] Building C object CMakeFiles/plasma.dir/compute/dtrmm.c.o
[ 93%] Building C object CMakeFiles/plasma.dir/compute/pdtrsm.c.o
[ 57%] Building C object CMakeFiles/plasma.dir/core_blas-qwrapper/qwrapper_dgetrip.c.o
[ 93%] Building C object CMakeFiles/plasma.dir/compute/dplrnt.c.o
[ 57%] Building C object CMakeFiles/plasma.dir/core_blas-qwrapper/qwrapper_dtrmm.c.o
[ 57%] Building C object CMakeFiles/plasma.dir/core_blas/core_dlacpy.c.o
[ 57%] Building C object CMakeFiles/plasma.dir/core_blas/core_dtrsm.c.o
[ 93%] Building CXX object CMakeFiles/plasma.dir/compute/dpotrf_hpcasia24.cpp.o
[ 76%] Building C object CMakeFiles/plasma.dir/compute/pdshift.c.o
[ 76%] Building C object CMakeFiles/plasma.dir/compute/pdgetmi2.c.o
[ 76%] Building C object CMakeFiles/plasma.dir/compute/pdpack.c.o
[ 76%] Building C object CMakeFiles/plasma.dir/compute/pdlacpy.c.o
[ 57%] Building C object CMakeFiles/plasma.dir/core_blas/core_dshift.c.o
[ 93%] Building CXX object CMakeFiles/plasma.dir/compute/pdpotrf_gpu_dist.cpp.o
[ 93%] Building C object CMakeFiles/plasma.dir/compute/dpltmg.c.o
[ 93%] Building CXX object CMakeFiles/plasma.dir/compute/pdpotrf_gpu_mixed_precision.cpp.o
[ 76%] Building C object CMakeFiles/plasma.dir/compute/dgecfi2.c.o
[ 93%] Building CXX object CMakeFiles/plasma.dir/compute/dpotrf_gpu_dist.cpp.o
[ 57%] Building C object CMakeFiles/plasma.dir/core_blas-qwrapper/qwrapper_dgemm.c.o
[ 93%] Building CXX object CMakeFiles/plasma.dir/control/event.cpp.o
[ 76%] Building C object CMakeFiles/plasma.dir/compute/pdpotrf_gpu.c.o
[ 76%] Building C object CMakeFiles/plasma.dir/compute/dpotrf.c.o
[ 93%] Building CXX object CMakeFiles/plasma.dir/compute/dpotrf_gpu_dist_mixed_precision.cpp.o
[ 93%] Building CXX object CMakeFiles/plasma.dir/compute/pdpotrf_gpu_dist_mixed_precision.cpp.o
[ 93%] Building C object CMakeFiles/plasma.dir/compute/dpotrf_gpu.c.o
[ 57%] Building C object CMakeFiles/plasma.dir/core_blas/core_dplgsy.c.o
[ 76%] Building C object CMakeFiles/plasma.dir/compute/dtrsm.c.o
[ 76%] Building C object CMakeFiles/plasma.dir/core_blas/core_dpltmg.c.o
[ 57%] Building C object CMakeFiles/plasma.dir/core_blas-qwrapper/qwrapper_dplgsy.c.o
[ 57%] Building C object CMakeFiles/plasma.dir/core_blas-qwrapper/qwrapper_dshift.c.o
[ 76%] Building C object CMakeFiles/plasma.dir/core_blas-qwrapper/qwrapper_dpltmg.c.o
[ 76%] Building C object CMakeFiles/plasma.dir/core_blas/core_dplrnt.c.o
[ 93%] Building C object CMakeFiles/plasma.dir/compute/dgemm.c.o
[ 76%] Building C object CMakeFiles/plasma.dir/compute/dgecfi.c.o
[ 93%] Building C object CMakeFiles/plasma.dir/compute/pdpltmg.c.o
[ 57%] Building C object CMakeFiles/plasma.dir/core_blas/core_dgemm.c.o
[ 93%] Building C object CMakeFiles/plasma.dir/compute/pdtrmm.c.o
[ 76%] Building C object CMakeFiles/plasma.dir/compute/dplgsy.c.o
[ 93%] Building CXX object CMakeFiles/plasma.dir/compute/pdpotrf_gpu_hpcasia24.cpp.o
[ 93%] Building CXX object CMakeFiles/plasma.dir/compute/dpotrf_mixed_precision.cpp.o
[ 95%] Linking CXX static library libplasma.a
[ 95%] Built target plasma
[ 96%] Building C object CMakeFiles/example_dpotrf.dir/examples/example_dpotrf.c.o
[ 97%] Building CXX object CMakeFiles/example_dpotrf_gpu.dir/examples/example_dpotrf_gpu.cpp.o
[ 98%] Linking CXX executable example_dpotrf
[100%] Linking CXX executable example_dpotrf_gpu
--- 4. Moving to Examples and Compiling Custom CUDA Object (mx_wrapper.o) ---
--- 5. Linking Final Executable (example_tiled_SPD) ---
--- 6. Running the Mixed-Precision Executable ---
[DEBUG] using NB=64 (autotune=0)

[DEBUG] --- ENTERING makeMixedPrecisionTiledArray ---
[DEBUG] nb used: 64, nt: 16

[DEBUG] Epsilon Ratio for Tile (0, 0): 3.56855
[DEBUG] Source Epsilon / FP32 Epsilon: 1
--- Tile (1, 0) selected for CUDA_R_32F (MX E4M3 Quantization) ---
  Tile Size: 4096, Global Max: 0
  Launching mx_quantize_fp32_to_mx kernel (ebits=4, mbits=3, norm=448.0f)...

[DEBUG] Epsilon Ratio for Tile (1, 1): 3.55105
[DEBUG] Source Epsilon / FP32 Epsilon: 1
--- Tile (2, 0) selected for CUDA_R_32F (MX E4M3 Quantization) ---
  Tile Size: 4096, Global Max: 0
  Launching mx_quantize_fp32_to_mx kernel (ebits=4, mbits=3, norm=448.0f)...
--- Tile (2, 1) selected for CUDA_R_32F (MX E4M3 Quantization) ---
  Tile Size: 4096, Global Max: 0
  Launching mx_quantize_fp32_to_mx kernel (ebits=4, mbits=3, norm=448.0f)...

[DEBUG] Epsilon Ratio for Tile (2, 2): 3.58075
[DEBUG] Source Epsilon / FP32 Epsilon: 1
--- Tile (3, 0) selected for CUDA_R_32F (MX E4M3 Quantization) ---
  Tile Size: 4096, Global Max: 0
  Launching mx_quantize_fp32_to_mx kernel (ebits=4, mbits=3, norm=448.0f)...
--- Tile (3, 1) selected for CUDA_R_32F (MX E4M3 Quantization) ---
  Tile Size: 4096, Global Max: 0
  Launching mx_quantize_fp32_to_mx kernel (ebits=4, mbits=3, norm=448.0f)...
--- Tile (3, 2) selected for CUDA_R_32F (MX E4M3 Quantization) ---
  Tile Size: 4096, Global Max: 0
  Launching mx_quantize_fp32_to_mx kernel (ebits=4, mbits=3, norm=448.0f)...

[DEBUG] Epsilon Ratio for Tile (3, 3): 3.55193
[DEBUG] Source Epsilon / FP32 Epsilon: 1
--- Tile (4, 0) selected for CUDA_R_32F (MX E4M3 Quantization) ---
  Tile Size: 4096, Global Max: 0
  Launching mx_quantize_fp32_to_mx kernel (ebits=4, mbits=3, norm=448.0f)...
--- Tile (4, 1) selected for CUDA_R_32F (MX E4M3 Quantization) ---
  Tile Size: 4096, Global Max: 0
  Launching mx_quantize_fp32_to_mx kernel (ebits=4, mbits=3, norm=448.0f)...
--- Tile (4, 2) selected for CUDA_R_32F (MX E4M3 Quantization) ---
  Tile Size: 4096, Global Max: 0
  Launching mx_quantize_fp32_to_mx kernel (ebits=4, mbits=3, norm=448.0f)...
--- Tile (4, 3) selected for CUDA_R_32F (MX E4M3 Quantization) ---
  Tile Size: 4096, Global Max: 0
  Launching mx_quantize_fp32_to_mx kernel (ebits=4, mbits=3, norm=448.0f)...

[DEBUG] Epsilon Ratio for Tile (4, 4): 3.56341
[DEBUG] Source Epsilon / FP32 Epsilon: 1
--- Tile (5, 0) selected for CUDA_R_32F (MX E4M3 Quantization) ---
  Tile Size: 4096, Global Max: 0
  Launching mx_quantize_fp32_to_mx kernel (ebits=4, mbits=3, norm=448.0f)...
--- Tile (5, 1) selected for CUDA_R_32F (MX E4M3 Quantization) ---
  Tile Size: 4096, Global Max: 0
  Launching mx_quantize_fp32_to_mx kernel (ebits=4, mbits=3, norm=448.0f)...
--- Tile (5, 2) selected for CUDA_R_32F (MX E4M3 Quantization) ---
  Tile Size: 4096, Global Max: 0
  Launching mx_quantize_fp32_to_mx kernel (ebits=4, mbits=3, norm=448.0f)...
--- Tile (5, 3) selected for CUDA_R_32F (MX E4M3 Quantization) ---
  Tile Size: 4096, Global Max: 0
  Launching mx_quantize_fp32_to_mx kernel (ebits=4, mbits=3, norm=448.0f)...
--- Tile (5, 4) selected for CUDA_R_32F (MX E4M3 Quantization) ---
  Tile Size: 4096, Global Max: 0
  Launching mx_quantize_fp32_to_mx kernel (ebits=4, mbits=3, norm=448.0f)...

[DEBUG] Epsilon Ratio for Tile (5, 5): 3.56764
[DEBUG] Source Epsilon / FP32 Epsilon: 1
--- Tile (6, 0) selected for CUDA_R_32F (MX E4M3 Quantization) ---
  Tile Size: 4096, Global Max: 0
  Launching mx_quantize_fp32_to_mx kernel (ebits=4, mbits=3, norm=448.0f)...
--- Tile (6, 1) selected for CUDA_R_32F (MX E4M3 Quantization) ---
  Tile Size: 4096, Global Max: 0
  Launching mx_quantize_fp32_to_mx kernel (ebits=4, mbits=3, norm=448.0f)...
--- Tile (6, 2) selected for CUDA_R_32F (MX E4M3 Quantization) ---
  Tile Size: 4096, Global Max: 0
  Launching mx_quantize_fp32_to_mx kernel (ebits=4, mbits=3, norm=448.0f)...
--- Tile (6, 3) selected for CUDA_R_32F (MX E4M3 Quantization) ---
  Tile Size: 4096, Global Max: 0
  Launching mx_quantize_fp32_to_mx kernel (ebits=4, mbits=3, norm=448.0f)...
--- Tile (6, 4) selected for CUDA_R_32F (MX E4M3 Quantization) ---
  Tile Size: 4096, Global Max: 0
  Launching mx_quantize_fp32_to_mx kernel (ebits=4, mbits=3, norm=448.0f)...
--- Tile (6, 5) selected for CUDA_R_32F (MX E4M3 Quantization) ---
  Tile Size: 4096, Global Max: 0
  Launching mx_quantize_fp32_to_mx kernel (ebits=4, mbits=3, norm=448.0f)...

[DEBUG] Epsilon Ratio for Tile (6, 6): 3.56489
[DEBUG] Source Epsilon / FP32 Epsilon: 1
--- Tile (7, 0) selected for CUDA_R_32F (MX E4M3 Quantization) ---
  Tile Size: 4096, Global Max: 0
  Launching mx_quantize_fp32_to_mx kernel (ebits=4, mbits=3, norm=448.0f)...
--- Tile (7, 1) selected for CUDA_R_32F (MX E4M3 Quantization) ---
  Tile Size: 4096, Global Max: 0
  Launching mx_quantize_fp32_to_mx kernel (ebits=4, mbits=3, norm=448.0f)...
--- Tile (7, 2) selected for CUDA_R_32F (MX E4M3 Quantization) ---
  Tile Size: 4096, Global Max: 0
  Launching mx_quantize_fp32_to_mx kernel (ebits=4, mbits=3, norm=448.0f)...
--- Tile (7, 3) selected for CUDA_R_32F (MX E4M3 Quantization) ---
  Tile Size: 4096, Global Max: 0
  Launching mx_quantize_fp32_to_mx kernel (ebits=4, mbits=3, norm=448.0f)...
--- Tile (7, 4) selected for CUDA_R_32F (MX E4M3 Quantization) ---
  Tile Size: 4096, Global Max: 0
  Launching mx_quantize_fp32_to_mx kernel (ebits=4, mbits=3, norm=448.0f)...
--- Tile (7, 5) selected for CUDA_R_32F (MX E4M3 Quantization) ---
  Tile Size: 4096, Global Max: 0
  Launching mx_quantize_fp32_to_mx kernel (ebits=4, mbits=3, norm=448.0f)...
--- Tile (7, 6) selected for CUDA_R_32F (MX E4M3 Quantization) ---
  Tile Size: 4096, Global Max: 0
  Launching mx_quantize_fp32_to_mx kernel (ebits=4, mbits=3, norm=448.0f)...

[DEBUG] Epsilon Ratio for Tile (7, 7): 3.5894
[DEBUG] Source Epsilon / FP32 Epsilon: 1
--- Tile (8, 0) selected for CUDA_R_32F (MX E4M3 Quantization) ---
  Tile Size: 4096, Global Max: 0
  Launching mx_quantize_fp32_to_mx kernel (ebits=4, mbits=3, norm=448.0f)...
--- Tile (8, 1) selected for CUDA_R_32F (MX E4M3 Quantization) ---
  Tile Size: 4096, Global Max: 0
  Launching mx_quantize_fp32_to_mx kernel (ebits=4, mbits=3, norm=448.0f)...
--- Tile (8, 2) selected for CUDA_R_32F (MX E4M3 Quantization) ---
  Tile Size: 4096, Global Max: 0
  Launching mx_quantize_fp32_to_mx kernel (ebits=4, mbits=3, norm=448.0f)...
--- Tile (8, 3) selected for CUDA_R_32F (MX E4M3 Quantization) ---
  Tile Size: 4096, Global Max: 0
  Launching mx_quantize_fp32_to_mx kernel (ebits=4, mbits=3, norm=448.0f)...
--- Tile (8, 4) selected for CUDA_R_32F (MX E4M3 Quantization) ---
  Tile Size: 4096, Global Max: 0
  Launching mx_quantize_fp32_to_mx kernel (ebits=4, mbits=3, norm=448.0f)...
--- Tile (8, 5) selected for CUDA_R_32F (MX E4M3 Quantization) ---
  Tile Size: 4096, Global Max: 0
  Launching mx_quantize_fp32_to_mx kernel (ebits=4, mbits=3, norm=448.0f)...
--- Tile (8, 6) selected for CUDA_R_32F (MX E4M3 Quantization) ---
  Tile Size: 4096, Global Max: 0
  Launching mx_quantize_fp32_to_mx kernel (ebits=4, mbits=3, norm=448.0f)...
--- Tile (8, 7) selected for CUDA_R_32F (MX E4M3 Quantization) ---
  Tile Size: 4096, Global Max: 0
  Launching mx_quantize_fp32_to_mx kernel (ebits=4, mbits=3, norm=448.0f)...

[DEBUG] Epsilon Ratio for Tile (8, 8): 3.55514
[DEBUG] Source Epsilon / FP32 Epsilon: 1
--- Tile (9, 0) selected for CUDA_R_32F (MX E4M3 Quantization) ---
  Tile Size: 4096, Global Max: 0
  Launching mx_quantize_fp32_to_mx kernel (ebits=4, mbits=3, norm=448.0f)...
--- Tile (9, 1) selected for CUDA_R_32F (MX E4M3 Quantization) ---
  Tile Size: 4096, Global Max: 0
  Launching mx_quantize_fp32_to_mx kernel (ebits=4, mbits=3, norm=448.0f)...
--- Tile (9, 2) selected for CUDA_R_32F (MX E4M3 Quantization) ---
  Tile Size: 4096, Global Max: 0
  Launching mx_quantize_fp32_to_mx kernel (ebits=4, mbits=3, norm=448.0f)...
--- Tile (9, 3) selected for CUDA_R_32F (MX E4M3 Quantization) ---
  Tile Size: 4096, Global Max: 0
  Launching mx_quantize_fp32_to_mx kernel (ebits=4, mbits=3, norm=448.0f)...
--- Tile (9, 4) selected for CUDA_R_32F (MX E4M3 Quantization) ---
  Tile Size: 4096, Global Max: 0
  Launching mx_quantize_fp32_to_mx kernel (ebits=4, mbits=3, norm=448.0f)...
--- Tile (9, 5) selected for CUDA_R_32F (MX E4M3 Quantization) ---
  Tile Size: 4096, Global Max: 0
  Launching mx_quantize_fp32_to_mx kernel (ebits=4, mbits=3, norm=448.0f)...
--- Tile (9, 6) selected for CUDA_R_32F (MX E4M3 Quantization) ---
  Tile Size: 4096, Global Max: 0
  Launching mx_quantize_fp32_to_mx kernel (ebits=4, mbits=3, norm=448.0f)...
--- Tile (9, 7) selected for CUDA_R_32F (MX E4M3 Quantization) ---
  Tile Size: 4096, Global Max: 0
  Launching mx_quantize_fp32_to_mx kernel (ebits=4, mbits=3, norm=448.0f)...
--- Tile (9, 8) selected for CUDA_R_32F (MX E4M3 Quantization) ---
  Tile Size: 4096, Global Max: 0
  Launching mx_quantize_fp32_to_mx kernel (ebits=4, mbits=3, norm=448.0f)...

[DEBUG] Epsilon Ratio for Tile (9, 9): 3.52161
[DEBUG] Source Epsilon / FP32 Epsilon: 1
--- Tile (10, 0) selected for CUDA_R_32F (MX E4M3 Quantization) ---
  Tile Size: 4096, Global Max: 0
  Launching mx_quantize_fp32_to_mx kernel (ebits=4, mbits=3, norm=448.0f)...
--- Tile (10, 1) selected for CUDA_R_32F (MX E4M3 Quantization) ---
  Tile Size: 4096, Global Max: 0
  Launching mx_quantize_fp32_to_mx kernel (ebits=4, mbits=3, norm=448.0f)...
--- Tile (10, 2) selected for CUDA_R_32F (MX E4M3 Quantization) ---
  Tile Size: 4096, Global Max: 0
  Launching mx_quantize_fp32_to_mx kernel (ebits=4, mbits=3, norm=448.0f)...
--- Tile (10, 3) selected for CUDA_R_32F (MX E4M3 Quantization) ---
  Tile Size: 4096, Global Max: 0
  Launching mx_quantize_fp32_to_mx kernel (ebits=4, mbits=3, norm=448.0f)...
--- Tile (10, 4) selected for CUDA_R_32F (MX E4M3 Quantization) ---
  Tile Size: 4096, Global Max: 0
  Launching mx_quantize_fp32_to_mx kernel (ebits=4, mbits=3, norm=448.0f)...
--- Tile (10, 5) selected for CUDA_R_32F (MX E4M3 Quantization) ---
  Tile Size: 4096, Global Max: 0
  Launching mx_quantize_fp32_to_mx kernel (ebits=4, mbits=3, norm=448.0f)...
--- Tile (10, 6) selected for CUDA_R_32F (MX E4M3 Quantization) ---
  Tile Size: 4096, Global Max: 0
  Launching mx_quantize_fp32_to_mx kernel (ebits=4, mbits=3, norm=448.0f)...
--- Tile (10, 7) selected for CUDA_R_32F (MX E4M3 Quantization) ---
  Tile Size: 4096, Global Max: 0
  Launching mx_quantize_fp32_to_mx kernel (ebits=4, mbits=3, norm=448.0f)...
--- Tile (10, 8) selected for CUDA_R_32F (MX E4M3 Quantization) ---
  Tile Size: 4096, Global Max: 0
  Launching mx_quantize_fp32_to_mx kernel (ebits=4, mbits=3, norm=448.0f)...
--- Tile (10, 9) selected for CUDA_R_32F (MX E4M3 Quantization) ---
  Tile Size: 4096, Global Max: 0
  Launching mx_quantize_fp32_to_mx kernel (ebits=4, mbits=3, norm=448.0f)...

[DEBUG] Epsilon Ratio for Tile (10, 10): 3.60542
[DEBUG] Source Epsilon / FP32 Epsilon: 1
--- Tile (11, 0) selected for CUDA_R_32F (MX E4M3 Quantization) ---
  Tile Size: 4096, Global Max: 0
  Launching mx_quantize_fp32_to_mx kernel (ebits=4, mbits=3, norm=448.0f)...
--- Tile (11, 1) selected for CUDA_R_32F (MX E4M3 Quantization) ---
  Tile Size: 4096, Global Max: 0
  Launching mx_quantize_fp32_to_mx kernel (ebits=4, mbits=3, norm=448.0f)...
--- Tile (11, 2) selected for CUDA_R_32F (MX E4M3 Quantization) ---
  Tile Size: 4096, Global Max: 0
  Launching mx_quantize_fp32_to_mx kernel (ebits=4, mbits=3, norm=448.0f)...
--- Tile (11, 3) selected for CUDA_R_32F (MX E4M3 Quantization) ---
  Tile Size: 4096, Global Max: 0
  Launching mx_quantize_fp32_to_mx kernel (ebits=4, mbits=3, norm=448.0f)...
--- Tile (11, 4) selected for CUDA_R_32F (MX E4M3 Quantization) ---
  Tile Size: 4096, Global Max: 0
  Launching mx_quantize_fp32_to_mx kernel (ebits=4, mbits=3, norm=448.0f)...
--- Tile (11, 5) selected for CUDA_R_32F (MX E4M3 Quantization) ---
  Tile Size: 4096, Global Max: 0
  Launching mx_quantize_fp32_to_mx kernel (ebits=4, mbits=3, norm=448.0f)...
--- Tile (11, 6) selected for CUDA_R_32F (MX E4M3 Quantization) ---
  Tile Size: 4096, Global Max: 0
  Launching mx_quantize_fp32_to_mx kernel (ebits=4, mbits=3, norm=448.0f)...
--- Tile (11, 7) selected for CUDA_R_32F (MX E4M3 Quantization) ---
  Tile Size: 4096, Global Max: 0
  Launching mx_quantize_fp32_to_mx kernel (ebits=4, mbits=3, norm=448.0f)...
--- Tile (11, 8) selected for CUDA_R_32F (MX E4M3 Quantization) ---
  Tile Size: 4096, Global Max: 0
  Launching mx_quantize_fp32_to_mx kernel (ebits=4, mbits=3, norm=448.0f)...
--- Tile (11, 9) selected for CUDA_R_32F (MX E4M3 Quantization) ---
  Tile Size: 4096, Global Max: 0
  Launching mx_quantize_fp32_to_mx kernel (ebits=4, mbits=3, norm=448.0f)...
--- Tile (11, 10) selected for CUDA_R_32F (MX E4M3 Quantization) ---
  Tile Size: 4096, Global Max: 0
  Launching mx_quantize_fp32_to_mx kernel (ebits=4, mbits=3, norm=448.0f)...

[DEBUG] Epsilon Ratio for Tile (11, 11): 3.55993
[DEBUG] Source Epsilon / FP32 Epsilon: 1
--- Tile (12, 0) selected for CUDA_R_32F (MX E4M3 Quantization) ---
  Tile Size: 4096, Global Max: 0
  Launching mx_quantize_fp32_to_mx kernel (ebits=4, mbits=3, norm=448.0f)...
--- Tile (12, 1) selected for CUDA_R_32F (MX E4M3 Quantization) ---
  Tile Size: 4096, Global Max: 0
  Launching mx_quantize_fp32_to_mx kernel (ebits=4, mbits=3, norm=448.0f)...
--- Tile (12, 2) selected for CUDA_R_32F (MX E4M3 Quantization) ---
  Tile Size: 4096, Global Max: 0
  Launching mx_quantize_fp32_to_mx kernel (ebits=4, mbits=3, norm=448.0f)...
--- Tile (12, 3) selected for CUDA_R_32F (MX E4M3 Quantization) ---
  Tile Size: 4096, Global Max: 0
  Launching mx_quantize_fp32_to_mx kernel (ebits=4, mbits=3, norm=448.0f)...
--- Tile (12, 4) selected for CUDA_R_32F (MX E4M3 Quantization) ---
  Tile Size: 4096, Global Max: 0
  Launching mx_quantize_fp32_to_mx kernel (ebits=4, mbits=3, norm=448.0f)...
--- Tile (12, 5) selected for CUDA_R_32F (MX E4M3 Quantization) ---
  Tile Size: 4096, Global Max: 0
  Launching mx_quantize_fp32_to_mx kernel (ebits=4, mbits=3, norm=448.0f)...
--- Tile (12, 6) selected for CUDA_R_32F (MX E4M3 Quantization) ---
  Tile Size: 4096, Global Max: 0
  Launching mx_quantize_fp32_to_mx kernel (ebits=4, mbits=3, norm=448.0f)...
--- Tile (12, 7) selected for CUDA_R_32F (MX E4M3 Quantization) ---
  Tile Size: 4096, Global Max: 0
  Launching mx_quantize_fp32_to_mx kernel (ebits=4, mbits=3, norm=448.0f)...
--- Tile (12, 8) selected for CUDA_R_32F (MX E4M3 Quantization) ---
  Tile Size: 4096, Global Max: 0
  Launching mx_quantize_fp32_to_mx kernel (ebits=4, mbits=3, norm=448.0f)...
--- Tile (12, 9) selected for CUDA_R_32F (MX E4M3 Quantization) ---
  Tile Size: 4096, Global Max: 0
  Launching mx_quantize_fp32_to_mx kernel (ebits=4, mbits=3, norm=448.0f)...
--- Tile (12, 10) selected for CUDA_R_32F (MX E4M3 Quantization) ---
  Tile Size: 4096, Global Max: 0
  Launching mx_quantize_fp32_to_mx kernel (ebits=4, mbits=3, norm=448.0f)...
--- Tile (12, 11) selected for CUDA_R_32F (MX E4M3 Quantization) ---
  Tile Size: 4096, Global Max: 0
  Launching mx_quantize_fp32_to_mx kernel (ebits=4, mbits=3, norm=448.0f)...

[DEBUG] Epsilon Ratio for Tile (12, 12): 3.59179
[DEBUG] Source Epsilon / FP32 Epsilon: 1
--- Tile (13, 0) selected for CUDA_R_32F (MX E4M3 Quantization) ---
  Tile Size: 4096, Global Max: 0
  Launching mx_quantize_fp32_to_mx kernel (ebits=4, mbits=3, norm=448.0f)...
--- Tile (13, 1) selected for CUDA_R_32F (MX E4M3 Quantization) ---
  Tile Size: 4096, Global Max: 0
  Launching mx_quantize_fp32_to_mx kernel (ebits=4, mbits=3, norm=448.0f)...
--- Tile (13, 2) selected for CUDA_R_32F (MX E4M3 Quantization) ---
  Tile Size: 4096, Global Max: 0
  Launching mx_quantize_fp32_to_mx kernel (ebits=4, mbits=3, norm=448.0f)...
--- Tile (13, 3) selected for CUDA_R_32F (MX E4M3 Quantization) ---
  Tile Size: 4096, Global Max: 0
  Launching mx_quantize_fp32_to_mx kernel (ebits=4, mbits=3, norm=448.0f)...
--- Tile (13, 4) selected for CUDA_R_32F (MX E4M3 Quantization) ---
  Tile Size: 4096, Global Max: 0
  Launching mx_quantize_fp32_to_mx kernel (ebits=4, mbits=3, norm=448.0f)...
--- Tile (13, 5) selected for CUDA_R_32F (MX E4M3 Quantization) ---
  Tile Size: 4096, Global Max: 0
  Launching mx_quantize_fp32_to_mx kernel (ebits=4, mbits=3, norm=448.0f)...
--- Tile (13, 6) selected for CUDA_R_32F (MX E4M3 Quantization) ---
  Tile Size: 4096, Global Max: 0
  Launching mx_quantize_fp32_to_mx kernel (ebits=4, mbits=3, norm=448.0f)...
--- Tile (13, 7) selected for CUDA_R_32F (MX E4M3 Quantization) ---
  Tile Size: 4096, Global Max: 0
  Launching mx_quantize_fp32_to_mx kernel (ebits=4, mbits=3, norm=448.0f)...
--- Tile (13, 8) selected for CUDA_R_32F (MX E4M3 Quantization) ---
  Tile Size: 4096, Global Max: 0
  Launching mx_quantize_fp32_to_mx kernel (ebits=4, mbits=3, norm=448.0f)...
--- Tile (13, 9) selected for CUDA_R_32F (MX E4M3 Quantization) ---
  Tile Size: 4096, Global Max: 0
  Launching mx_quantize_fp32_to_mx kernel (ebits=4, mbits=3, norm=448.0f)...
--- Tile (13, 10) selected for CUDA_R_32F (MX E4M3 Quantization) ---
  Tile Size: 4096, Global Max: 0
  Launching mx_quantize_fp32_to_mx kernel (ebits=4, mbits=3, norm=448.0f)...
--- Tile (13, 11) selected for CUDA_R_32F (MX E4M3 Quantization) ---
  Tile Size: 4096, Global Max: 0
  Launching mx_quantize_fp32_to_mx kernel (ebits=4, mbits=3, norm=448.0f)...
--- Tile (13, 12) selected for CUDA_R_32F (MX E4M3 Quantization) ---
  Tile Size: 4096, Global Max: 0
  Launching mx_quantize_fp32_to_mx kernel (ebits=4, mbits=3, norm=448.0f)...

[DEBUG] Epsilon Ratio for Tile (13, 13): 3.57552
[DEBUG] Source Epsilon / FP32 Epsilon: 1
--- Tile (14, 0) selected for CUDA_R_32F (MX E4M3 Quantization) ---
  Tile Size: 4096, Global Max: 0
  Launching mx_quantize_fp32_to_mx kernel (ebits=4, mbits=3, norm=448.0f)...
--- Tile (14, 1) selected for CUDA_R_32F (MX E4M3 Quantization) ---
  Tile Size: 4096, Global Max: 0
  Launching mx_quantize_fp32_to_mx kernel (ebits=4, mbits=3, norm=448.0f)...
--- Tile (14, 2) selected for CUDA_R_32F (MX E4M3 Quantization) ---
  Tile Size: 4096, Global Max: 0
  Launching mx_quantize_fp32_to_mx kernel (ebits=4, mbits=3, norm=448.0f)...
--- Tile (14, 3) selected for CUDA_R_32F (MX E4M3 Quantization) ---
  Tile Size: 4096, Global Max: 0
  Launching mx_quantize_fp32_to_mx kernel (ebits=4, mbits=3, norm=448.0f)...
--- Tile (14, 4) selected for CUDA_R_32F (MX E4M3 Quantization) ---
  Tile Size: 4096, Global Max: 0
  Launching mx_quantize_fp32_to_mx kernel (ebits=4, mbits=3, norm=448.0f)...
--- Tile (14, 5) selected for CUDA_R_32F (MX E4M3 Quantization) ---
  Tile Size: 4096, Global Max: 0
  Launching mx_quantize_fp32_to_mx kernel (ebits=4, mbits=3, norm=448.0f)...
--- Tile (14, 6) selected for CUDA_R_32F (MX E4M3 Quantization) ---
  Tile Size: 4096, Global Max: 0
  Launching mx_quantize_fp32_to_mx kernel (ebits=4, mbits=3, norm=448.0f)...
--- Tile (14, 7) selected for CUDA_R_32F (MX E4M3 Quantization) ---
  Tile Size: 4096, Global Max: 0
  Launching mx_quantize_fp32_to_mx kernel (ebits=4, mbits=3, norm=448.0f)...
--- Tile (14, 8) selected for CUDA_R_32F (MX E4M3 Quantization) ---
  Tile Size: 4096, Global Max: 0
  Launching mx_quantize_fp32_to_mx kernel (ebits=4, mbits=3, norm=448.0f)...
--- Tile (14, 9) selected for CUDA_R_32F (MX E4M3 Quantization) ---
  Tile Size: 4096, Global Max: 0
  Launching mx_quantize_fp32_to_mx kernel (ebits=4, mbits=3, norm=448.0f)...
--- Tile (14, 10) selected for CUDA_R_32F (MX E4M3 Quantization) ---
  Tile Size: 4096, Global Max: 0
  Launching mx_quantize_fp32_to_mx kernel (ebits=4, mbits=3, norm=448.0f)...
--- Tile (14, 11) selected for CUDA_R_32F (MX E4M3 Quantization) ---
  Tile Size: 4096, Global Max: 0
  Launching mx_quantize_fp32_to_mx kernel (ebits=4, mbits=3, norm=448.0f)...
--- Tile (14, 12) selected for CUDA_R_32F (MX E4M3 Quantization) ---
  Tile Size: 4096, Global Max: 0
  Launching mx_quantize_fp32_to_mx kernel (ebits=4, mbits=3, norm=448.0f)...
--- Tile (14, 13) selected for CUDA_R_32F (MX E4M3 Quantization) ---
  Tile Size: 4096, Global Max: 0
  Launching mx_quantize_fp32_to_mx kernel (ebits=4, mbits=3, norm=448.0f)...

[DEBUG] Epsilon Ratio for Tile (14, 14): 3.57586
[DEBUG] Source Epsilon / FP32 Epsilon: 1
--- Tile (15, 0) selected for CUDA_R_32F (MX E4M3 Quantization) ---
  Tile Size: 4096, Global Max: 0
  Launching mx_quantize_fp32_to_mx kernel (ebits=4, mbits=3, norm=448.0f)...
--- Tile (15, 1) selected for CUDA_R_32F (MX E4M3 Quantization) ---
  Tile Size: 4096, Global Max: 0
  Launching mx_quantize_fp32_to_mx kernel (ebits=4, mbits=3, norm=448.0f)...
--- Tile (15, 2) selected for CUDA_R_32F (MX E4M3 Quantization) ---
  Tile Size: 4096, Global Max: 0
  Launching mx_quantize_fp32_to_mx kernel (ebits=4, mbits=3, norm=448.0f)...
--- Tile (15, 3) selected for CUDA_R_32F (MX E4M3 Quantization) ---
  Tile Size: 4096, Global Max: 0
  Launching mx_quantize_fp32_to_mx kernel (ebits=4, mbits=3, norm=448.0f)...
--- Tile (15, 4) selected for CUDA_R_32F (MX E4M3 Quantization) ---
  Tile Size: 4096, Global Max: 0
  Launching mx_quantize_fp32_to_mx kernel (ebits=4, mbits=3, norm=448.0f)...
--- Tile (15, 5) selected for CUDA_R_32F (MX E4M3 Quantization) ---
  Tile Size: 4096, Global Max: 0
  Launching mx_quantize_fp32_to_mx kernel (ebits=4, mbits=3, norm=448.0f)...
--- Tile (15, 6) selected for CUDA_R_32F (MX E4M3 Quantization) ---
  Tile Size: 4096, Global Max: 0
  Launching mx_quantize_fp32_to_mx kernel (ebits=4, mbits=3, norm=448.0f)...
--- Tile (15, 7) selected for CUDA_R_32F (MX E4M3 Quantization) ---
  Tile Size: 4096, Global Max: 0
  Launching mx_quantize_fp32_to_mx kernel (ebits=4, mbits=3, norm=448.0f)...
--- Tile (15, 8) selected for CUDA_R_32F (MX E4M3 Quantization) ---
  Tile Size: 4096, Global Max: 0
  Launching mx_quantize_fp32_to_mx kernel (ebits=4, mbits=3, norm=448.0f)...
--- Tile (15, 9) selected for CUDA_R_32F (MX E4M3 Quantization) ---
  Tile Size: 4096, Global Max: 0
  Launching mx_quantize_fp32_to_mx kernel (ebits=4, mbits=3, norm=448.0f)...
--- Tile (15, 10) selected for CUDA_R_32F (MX E4M3 Quantization) ---
  Tile Size: 4096, Global Max: 0
  Launching mx_quantize_fp32_to_mx kernel (ebits=4, mbits=3, norm=448.0f)...
--- Tile (15, 11) selected for CUDA_R_32F (MX E4M3 Quantization) ---
  Tile Size: 4096, Global Max: 0
  Launching mx_quantize_fp32_to_mx kernel (ebits=4, mbits=3, norm=448.0f)...
--- Tile (15, 12) selected for CUDA_R_32F (MX E4M3 Quantization) ---
  Tile Size: 4096, Global Max: 0
  Launching mx_quantize_fp32_to_mx kernel (ebits=4, mbits=3, norm=448.0f)...
--- Tile (15, 13) selected for CUDA_R_32F (MX E4M3 Quantization) ---
  Tile Size: 4096, Global Max: 0
  Launching mx_quantize_fp32_to_mx kernel (ebits=4, mbits=3, norm=448.0f)...
--- Tile (15, 14) selected for CUDA_R_32F (MX E4M3 Quantization) ---
  Tile Size: 4096, Global Max: 0
  Launching mx_quantize_fp32_to_mx kernel (ebits=4, mbits=3, norm=448.0f)...

[DEBUG] Epsilon Ratio for Tile (15, 15): 3.54579
[DEBUG] Source Epsilon / FP32 Epsilon: 1
FLOPS: 0.005353
[TIMES] tile+quant(us): 123385, factor(us): 66932, uncompress(us): 0
Runtime: 218531923 microseconds
error: 4.35763e-15
--- Script Execution Complete ---
