--- Skipping build (BUILD=0). Using existing executable ---
--- 6. Running the Mixed-Precision Executable ---
[DEBUG] using NB=512 (autotune=0)

[DEBUG] --- ENTERING makeMixedPrecisionTiledArray ---
[DEBUG] nb used: 512, nt: 16

[DEBUG] Epsilon Ratio for Tile (0, 0): 3.80979
[DEBUG] Source Epsilon / FP32 Epsilon: 1
[DEBUG] Low format cutoff (mx_e4m3): 1.90682e-06 (scale-aware=1)
[TILE_TARGET] (0, 0) fp64
[TILE_DTYPE] (0, 0) fp64
---------------- Tile (1, 0) selected for CUDA_R_32F -------------------
[TILE_TARGET] (1, 0) fp32
[TILE_DTYPE] (1, 0) fp32

[DEBUG] Epsilon Ratio for Tile (1, 1): 3.80085
[DEBUG] Source Epsilon / FP32 Epsilon: 1
[DEBUG] Low format cutoff (mx_e4m3): 1.90682e-06 (scale-aware=1)
[TILE_TARGET] (1, 1) fp64
[TILE_DTYPE] (1, 1) fp64
---------------- Tile (2, 0) selected for CUDA_R_32F -------------------
[TILE_TARGET] (2, 0) fp32
[TILE_DTYPE] (2, 0) fp32
---------------- Tile (2, 1) selected for CUDA_R_32F -------------------
[TILE_TARGET] (2, 1) fp32
[TILE_DTYPE] (2, 1) fp32

[DEBUG] Epsilon Ratio for Tile (2, 2): 3.776
[DEBUG] Source Epsilon / FP32 Epsilon: 1
[DEBUG] Low format cutoff (mx_e4m3): 1.90682e-06 (scale-aware=1)
[TILE_TARGET] (2, 2) fp64
[TILE_DTYPE] (2, 2) fp64
---------------- Tile (3, 0) selected for CUDA_R_32F -------------------
[TILE_TARGET] (3, 0) fp32
[TILE_DTYPE] (3, 0) fp32
---------------- Tile (3, 1) selected for CUDA_R_32F -------------------
[TILE_TARGET] (3, 1) fp32
[TILE_DTYPE] (3, 1) fp32
---------------- Tile (3, 2) selected for CUDA_R_32F -------------------
[TILE_TARGET] (3, 2) fp32
[TILE_DTYPE] (3, 2) fp32

[DEBUG] Epsilon Ratio for Tile (3, 3): 3.79438
[DEBUG] Source Epsilon / FP32 Epsilon: 1
[DEBUG] Low format cutoff (mx_e4m3): 1.90682e-06 (scale-aware=1)
[TILE_TARGET] (3, 3) fp64
[TILE_DTYPE] (3, 3) fp64
[TILE_TARGET] (4, 0) fp16
[TILE_DTYPE] (4, 0) fp16
---------------- Tile (4, 1) selected for CUDA_R_32F -------------------
[TILE_TARGET] (4, 1) fp32
[TILE_DTYPE] (4, 1) fp32
---------------- Tile (4, 2) selected for CUDA_R_32F -------------------
[TILE_TARGET] (4, 2) fp32
[TILE_DTYPE] (4, 2) fp32
---------------- Tile (4, 3) selected for CUDA_R_32F -------------------
[TILE_TARGET] (4, 3) fp32
[TILE_DTYPE] (4, 3) fp32

[DEBUG] Epsilon Ratio for Tile (4, 4): 3.74837
[DEBUG] Source Epsilon / FP32 Epsilon: 1
[DEBUG] Low format cutoff (mx_e4m3): 1.90682e-06 (scale-aware=1)
[TILE_TARGET] (4, 4) fp64
[TILE_DTYPE] (4, 4) fp64
[TILE_TARGET] (5, 0) fp16
[TILE_DTYPE] (5, 0) fp16
---------------- Tile (5, 1) selected for CUDA_R_32F -------------------
[TILE_TARGET] (5, 1) fp32
[TILE_DTYPE] (5, 1) fp32
---------------- Tile (5, 2) selected for CUDA_R_32F -------------------
[TILE_TARGET] (5, 2) fp32
[TILE_DTYPE] (5, 2) fp32
---------------- Tile (5, 3) selected for CUDA_R_32F -------------------
[TILE_TARGET] (5, 3) fp32
[TILE_DTYPE] (5, 3) fp32
---------------- Tile (5, 4) selected for CUDA_R_32F -------------------
[TILE_TARGET] (5, 4) fp32
[TILE_DTYPE] (5, 4) fp32

[DEBUG] Epsilon Ratio for Tile (5, 5): 3.7851
[DEBUG] Source Epsilon / FP32 Epsilon: 1
[DEBUG] Low format cutoff (mx_e4m3): 1.90682e-06 (scale-aware=1)
[TILE_TARGET] (5, 5) fp64
[TILE_DTYPE] (5, 5) fp64
[TILE_TARGET] (6, 0) fp16
[TILE_DTYPE] (6, 0) fp16
---------------- Tile (6, 1) selected for CUDA_R_32F -------------------
[TILE_TARGET] (6, 1) fp32
[TILE_DTYPE] (6, 1) fp32
---------------- Tile (6, 2) selected for CUDA_R_32F -------------------
[TILE_TARGET] (6, 2) fp32
[TILE_DTYPE] (6, 2) fp32
---------------- Tile (6, 3) selected for CUDA_R_32F -------------------
[TILE_TARGET] (6, 3) fp32
[TILE_DTYPE] (6, 3) fp32
---------------- Tile (6, 4) selected for CUDA_R_32F -------------------
[TILE_TARGET] (6, 4) fp32
[TILE_DTYPE] (6, 4) fp32
---------------- Tile (6, 5) selected for CUDA_R_32F -------------------
[TILE_TARGET] (6, 5) fp32
[TILE_DTYPE] (6, 5) fp32

[DEBUG] Epsilon Ratio for Tile (6, 6): 3.7692
[DEBUG] Source Epsilon / FP32 Epsilon: 1
[DEBUG] Low format cutoff (mx_e4m3): 1.90682e-06 (scale-aware=1)
[TILE_TARGET] (6, 6) fp64
[TILE_DTYPE] (6, 6) fp64
[TILE_TARGET] (7, 0) fp16
[TILE_DTYPE] (7, 0) fp16
[TILE_TARGET] (7, 1) fp16
[TILE_DTYPE] (7, 1) fp16
[TILE_TARGET] (7, 2) fp16
[TILE_DTYPE] (7, 2) fp16
---------------- Tile (7, 3) selected for CUDA_R_32F -------------------
[TILE_TARGET] (7, 3) fp32
[TILE_DTYPE] (7, 3) fp32
---------------- Tile (7, 4) selected for CUDA_R_32F -------------------
[TILE_TARGET] (7, 4) fp32
[TILE_DTYPE] (7, 4) fp32
---------------- Tile (7, 5) selected for CUDA_R_32F -------------------
[TILE_TARGET] (7, 5) fp32
[TILE_DTYPE] (7, 5) fp32
---------------- Tile (7, 6) selected for CUDA_R_32F -------------------
[TILE_TARGET] (7, 6) fp32
[TILE_DTYPE] (7, 6) fp32

[DEBUG] Epsilon Ratio for Tile (7, 7): 3.78934
[DEBUG] Source Epsilon / FP32 Epsilon: 1
[DEBUG] Low format cutoff (mx_e4m3): 1.90682e-06 (scale-aware=1)
[TILE_TARGET] (7, 7) fp64
[TILE_DTYPE] (7, 7) fp64
[TILE_TARGET] (8, 0) fp16
[TILE_DTYPE] (8, 0) fp16
[TILE_TARGET] (8, 1) fp16
[TILE_DTYPE] (8, 1) fp16
---------------- Tile (8, 2) selected for CUDA_R_32F -------------------
[TILE_TARGET] (8, 2) fp32
[TILE_DTYPE] (8, 2) fp32
---------------- Tile (8, 3) selected for CUDA_R_32F -------------------
[TILE_TARGET] (8, 3) fp32
[TILE_DTYPE] (8, 3) fp32
---------------- Tile (8, 4) selected for CUDA_R_32F -------------------
[TILE_TARGET] (8, 4) fp32
[TILE_DTYPE] (8, 4) fp32
[TILE_TARGET] (8, 5) fp16
[TILE_DTYPE] (8, 5) fp16
[TILE_TARGET] (8, 6) fp16
[TILE_DTYPE] (8, 6) fp16
---------------- Tile (8, 7) selected for CUDA_R_32F -------------------
[TILE_TARGET] (8, 7) fp32
[TILE_DTYPE] (8, 7) fp32

[DEBUG] Epsilon Ratio for Tile (8, 8): 3.79896
[DEBUG] Source Epsilon / FP32 Epsilon: 1
[DEBUG] Low format cutoff (mx_e4m3): 1.90682e-06 (scale-aware=1)
[TILE_TARGET] (8, 8) fp64
[TILE_DTYPE] (8, 8) fp64
[TILE_TARGET] (9, 0) fp16
[TILE_DTYPE] (9, 0) fp16
[TILE_TARGET] (9, 1) fp16
[TILE_DTYPE] (9, 1) fp16
---------------- Tile (9, 2) selected for CUDA_R_32F -------------------
[TILE_TARGET] (9, 2) fp32
[TILE_DTYPE] (9, 2) fp32
---------------- Tile (9, 3) selected for CUDA_R_32F -------------------
[TILE_TARGET] (9, 3) fp32
[TILE_DTYPE] (9, 3) fp32
---------------- Tile (9, 4) selected for CUDA_R_32F -------------------
[TILE_TARGET] (9, 4) fp32
[TILE_DTYPE] (9, 4) fp32
[TILE_TARGET] (9, 5) fp16
[TILE_DTYPE] (9, 5) fp16
---------------- Tile (9, 6) selected for CUDA_R_32F -------------------
[TILE_TARGET] (9, 6) fp32
[TILE_DTYPE] (9, 6) fp32
---------------- Tile (9, 7) selected for CUDA_R_32F -------------------
[TILE_TARGET] (9, 7) fp32
[TILE_DTYPE] (9, 7) fp32
---------------- Tile (9, 8) selected for CUDA_R_32F -------------------
[TILE_TARGET] (9, 8) fp32
[TILE_DTYPE] (9, 8) fp32

[DEBUG] Epsilon Ratio for Tile (9, 9): 3.794
[DEBUG] Source Epsilon / FP32 Epsilon: 1
[DEBUG] Low format cutoff (mx_e4m3): 1.90682e-06 (scale-aware=1)
[TILE_TARGET] (9, 9) fp64
[TILE_DTYPE] (9, 9) fp64
[TILE_TARGET] (10, 0) fp16
[TILE_DTYPE] (10, 0) fp16
[TILE_TARGET] (10, 1) fp16
[TILE_DTYPE] (10, 1) fp16
[TILE_TARGET] (10, 2) fp16
[TILE_DTYPE] (10, 2) fp16
[TILE_TARGET] (10, 3) fp16
[TILE_DTYPE] (10, 3) fp16
[TILE_TARGET] (10, 4) fp16
[TILE_DTYPE] (10, 4) fp16
[TILE_TARGET] (10, 5) fp16
[TILE_DTYPE] (10, 5) fp16
[TILE_TARGET] (10, 6) fp16
[TILE_DTYPE] (10, 6) fp16
[TILE_TARGET] (10, 7) fp16
[TILE_DTYPE] (10, 7) fp16
---------------- Tile (10, 8) selected for CUDA_R_32F -------------------
[TILE_TARGET] (10, 8) fp32
[TILE_DTYPE] (10, 8) fp32
---------------- Tile (10, 9) selected for CUDA_R_32F -------------------
[TILE_TARGET] (10, 9) fp32
[TILE_DTYPE] (10, 9) fp32

[DEBUG] Epsilon Ratio for Tile (10, 10): 3.79118
[DEBUG] Source Epsilon / FP32 Epsilon: 1
[DEBUG] Low format cutoff (mx_e4m3): 1.90682e-06 (scale-aware=1)
[TILE_TARGET] (10, 10) fp64
[TILE_DTYPE] (10, 10) fp64
[TILE_TARGET] (11, 0) fp16
[TILE_DTYPE] (11, 0) fp16
[TILE_TARGET] (11, 1) fp16
[TILE_DTYPE] (11, 1) fp16
[TILE_TARGET] (11, 2) fp16
[TILE_DTYPE] (11, 2) fp16
[TILE_TARGET] (11, 3) fp16
[TILE_DTYPE] (11, 3) fp16
[TILE_TARGET] (11, 4) fp16
[TILE_DTYPE] (11, 4) fp16
[TILE_TARGET] (11, 5) fp16
[TILE_DTYPE] (11, 5) fp16
[TILE_TARGET] (11, 6) fp16
[TILE_DTYPE] (11, 6) fp16
[TILE_TARGET] (11, 7) fp16
[TILE_DTYPE] (11, 7) fp16
---------------- Tile (11, 8) selected for CUDA_R_32F -------------------
[TILE_TARGET] (11, 8) fp32
[TILE_DTYPE] (11, 8) fp32
---------------- Tile (11, 9) selected for CUDA_R_32F -------------------
[TILE_TARGET] (11, 9) fp32
[TILE_DTYPE] (11, 9) fp32
---------------- Tile (11, 10) selected for CUDA_R_32F -------------------
[TILE_TARGET] (11, 10) fp32
[TILE_DTYPE] (11, 10) fp32

[DEBUG] Epsilon Ratio for Tile (11, 11): 3.78863
[DEBUG] Source Epsilon / FP32 Epsilon: 1
[DEBUG] Low format cutoff (mx_e4m3): 1.90682e-06 (scale-aware=1)
[TILE_TARGET] (11, 11) fp64
[TILE_DTYPE] (11, 11) fp64
[TILE_TARGET] (12, 0) fp16
[TILE_DTYPE] (12, 0) fp16
[TILE_TARGET] (12, 1) fp16
[TILE_DTYPE] (12, 1) fp16
[TILE_TARGET] (12, 2) fp16
[TILE_DTYPE] (12, 2) fp16
---------------- Tile (12, 3) selected for CUDA_R_32F -------------------
[TILE_TARGET] (12, 3) fp32
[TILE_DTYPE] (12, 3) fp32
---------------- Tile (12, 4) selected for CUDA_R_32F -------------------
[TILE_TARGET] (12, 4) fp32
[TILE_DTYPE] (12, 4) fp32
[TILE_TARGET] (12, 5) fp16
[TILE_DTYPE] (12, 5) fp16
---------------- Tile (12, 6) selected for CUDA_R_32F -------------------
[TILE_TARGET] (12, 6) fp32
[TILE_DTYPE] (12, 6) fp32
---------------- Tile (12, 7) selected for CUDA_R_32F -------------------
[TILE_TARGET] (12, 7) fp32
[TILE_DTYPE] (12, 7) fp32
[TILE_TARGET] (12, 8) fp16
[TILE_DTYPE] (12, 8) fp16
---------------- Tile (12, 9) selected for CUDA_R_32F -------------------
[TILE_TARGET] (12, 9) fp32
[TILE_DTYPE] (12, 9) fp32
---------------- Tile (12, 10) selected for CUDA_R_32F -------------------
[TILE_TARGET] (12, 10) fp32
[TILE_DTYPE] (12, 10) fp32
---------------- Tile (12, 11) selected for CUDA_R_32F -------------------
[TILE_TARGET] (12, 11) fp32
[TILE_DTYPE] (12, 11) fp32

[DEBUG] Epsilon Ratio for Tile (12, 12): 3.76738
[DEBUG] Source Epsilon / FP32 Epsilon: 1
[DEBUG] Low format cutoff (mx_e4m3): 1.90682e-06 (scale-aware=1)
[TILE_TARGET] (12, 12) fp64
[TILE_DTYPE] (12, 12) fp64
[TILE_TARGET] (13, 0) fp16
[TILE_DTYPE] (13, 0) fp16
[TILE_TARGET] (13, 1) fp16
[TILE_DTYPE] (13, 1) fp16
[TILE_TARGET] (13, 2) fp16
[TILE_DTYPE] (13, 2) fp16
[TILE_TARGET] (13, 3) fp16
[TILE_DTYPE] (13, 3) fp16
[TILE_TARGET] (13, 4) fp16
[TILE_DTYPE] (13, 4) fp16
[TILE_TARGET] (13, 5) fp16
[TILE_DTYPE] (13, 5) fp16
---------------- Tile (13, 6) selected for CUDA_R_32F -------------------
[TILE_TARGET] (13, 6) fp32
[TILE_DTYPE] (13, 6) fp32
---------------- Tile (13, 7) selected for CUDA_R_32F -------------------
[TILE_TARGET] (13, 7) fp32
[TILE_DTYPE] (13, 7) fp32
---------------- Tile (13, 8) selected for CUDA_R_32F -------------------
[TILE_TARGET] (13, 8) fp32
[TILE_DTYPE] (13, 8) fp32
---------------- Tile (13, 9) selected for CUDA_R_32F -------------------
[TILE_TARGET] (13, 9) fp32
[TILE_DTYPE] (13, 9) fp32
---------------- Tile (13, 10) selected for CUDA_R_32F -------------------
[TILE_TARGET] (13, 10) fp32
[TILE_DTYPE] (13, 10) fp32
---------------- Tile (13, 11) selected for CUDA_R_32F -------------------
[TILE_TARGET] (13, 11) fp32
[TILE_DTYPE] (13, 11) fp32
---------------- Tile (13, 12) selected for CUDA_R_32F -------------------
[TILE_TARGET] (13, 12) fp32
[TILE_DTYPE] (13, 12) fp32

[DEBUG] Epsilon Ratio for Tile (13, 13): 3.79183
[DEBUG] Source Epsilon / FP32 Epsilon: 1
[DEBUG] Low format cutoff (mx_e4m3): 1.90682e-06 (scale-aware=1)
[TILE_TARGET] (13, 13) fp64
[TILE_DTYPE] (13, 13) fp64
[TILE_TARGET] (14, 0) fp16
[TILE_DTYPE] (14, 0) fp16
[TILE_TARGET] (14, 1) fp16
[TILE_DTYPE] (14, 1) fp16
[TILE_TARGET] (14, 2) fp16
[TILE_DTYPE] (14, 2) fp16
[TILE_TARGET] (14, 3) fp16
[TILE_DTYPE] (14, 3) fp16
[TILE_TARGET] (14, 4) fp16
[TILE_DTYPE] (14, 4) fp16
[TILE_TARGET] (14, 5) fp16
[TILE_DTYPE] (14, 5) fp16
[TILE_TARGET] (14, 6) fp16
[TILE_DTYPE] (14, 6) fp16
[TILE_TARGET] (14, 7) fp16
[TILE_DTYPE] (14, 7) fp16
[TILE_TARGET] (14, 8) fp16
[TILE_DTYPE] (14, 8) fp16
---------------- Tile (14, 9) selected for CUDA_R_32F -------------------
[TILE_TARGET] (14, 9) fp32
[TILE_DTYPE] (14, 9) fp32
---------------- Tile (14, 10) selected for CUDA_R_32F -------------------
[TILE_TARGET] (14, 10) fp32
[TILE_DTYPE] (14, 10) fp32
---------------- Tile (14, 11) selected for CUDA_R_32F -------------------
[TILE_TARGET] (14, 11) fp32
[TILE_DTYPE] (14, 11) fp32
---------------- Tile (14, 12) selected for CUDA_R_32F -------------------
[TILE_TARGET] (14, 12) fp32
[TILE_DTYPE] (14, 12) fp32
---------------- Tile (14, 13) selected for CUDA_R_32F -------------------
[TILE_TARGET] (14, 13) fp32
[TILE_DTYPE] (14, 13) fp32

[DEBUG] Epsilon Ratio for Tile (14, 14): 3.79678
[DEBUG] Source Epsilon / FP32 Epsilon: 1
[DEBUG] Low format cutoff (mx_e4m3): 1.90682e-06 (scale-aware=1)
[TILE_TARGET] (14, 14) fp64
[TILE_DTYPE] (14, 14) fp64
[TILE_TARGET] (15, 0) fp16
[TILE_DTYPE] (15, 0) fp16
[TILE_TARGET] (15, 1) fp16
[TILE_DTYPE] (15, 1) fp16
[TILE_TARGET] (15, 2) fp16
[TILE_DTYPE] (15, 2) fp16
[TILE_TARGET] (15, 3) fp16
[TILE_DTYPE] (15, 3) fp16
[TILE_TARGET] (15, 4) fp16
[TILE_DTYPE] (15, 4) fp16
[TILE_TARGET] (15, 5) fp16
[TILE_DTYPE] (15, 5) fp16
[TILE_TARGET] (15, 6) fp16
[TILE_DTYPE] (15, 6) fp16
[TILE_TARGET] (15, 7) fp16
[TILE_DTYPE] (15, 7) fp16
[TILE_TARGET] (15, 8) fp16
[TILE_DTYPE] (15, 8) fp16
[TILE_TARGET] (15, 9) fp16
[TILE_DTYPE] (15, 9) fp16
[TILE_TARGET] (15, 10) fp16
[TILE_DTYPE] (15, 10) fp16
---------------- Tile (15, 11) selected for CUDA_R_32F -------------------
[TILE_TARGET] (15, 11) fp32
[TILE_DTYPE] (15, 11) fp32
---------------- Tile (15, 12) selected for CUDA_R_32F -------------------
[TILE_TARGET] (15, 12) fp32
[TILE_DTYPE] (15, 12) fp32
---------------- Tile (15, 13) selected for CUDA_R_32F -------------------
[TILE_TARGET] (15, 13) fp32
[TILE_DTYPE] (15, 13) fp32
---------------- Tile (15, 14) selected for CUDA_R_32F -------------------
[TILE_TARGET] (15, 14) fp32
[TILE_DTYPE] (15, 14) fp32

[DEBUG] Epsilon Ratio for Tile (15, 15): 3.77949
[DEBUG] Source Epsilon / FP32 Epsilon: 1
[DEBUG] Low format cutoff (mx_e4m3): 1.90682e-06 (scale-aware=1)
[TILE_TARGET] (15, 15) fp64
[TILE_DTYPE] (15, 15) fp64
FLOPS: 0.581838
[TIMES] tile+quant(us): 4057250, factor(us): 314978, uncompress(us): 0
Runtime: 6229789459 microseconds
error: 4.8669e-05
relative_error: 1.31629e-06
kl_divergence: nan
[FINAL_TILE_COUNTS] total	fp64	fp32	fp16	bf16	mx_fp16	low
[FINAL_TILE_COUNTS] 136	16	60	60	0	0	0
[FINAL_TILE_COUNTS_LOWER] fp64=16,fp32=60,fp16=60
[FINAL_TILE_COUNTS_FULL] fp64=16,fp32=120,fp16=120
Log: /home/abduraa/MX_project/logs/mx_ooc_data/run_20260328_173211.log
Tiling CSV: /home/abduraa/MX_project/logs/mx_ooc_data/plots/tiling_20260328_173211.csv
Tiling PNG: /home/abduraa/MX_project/logs/mx_ooc_data/plots/tiling_20260328_173211.png
Tiling counts: /home/abduraa/MX_project/logs/mx_ooc_data/plots/tiling_counts_20260328_173211.txt
Summary: /home/abduraa/MX_project/logs/mx_ooc_data/8k_summary_auto.txt
--- Script Execution Complete ---
