--- 1. Cleaning and Setting up Build Directory ---
--- 2. Running CMake Configuration ---
-- The C compiler identification is GNU 11.4.0
-- The CXX compiler identification is GNU 11.4.0
-- Detecting C compiler ABI info
-- Detecting C compiler ABI info - done
-- Check for working C compiler: /usr/bin/gcc-11 - skipped
-- Detecting C compile features
-- Detecting C compile features - done
-- Detecting CXX compiler ABI info
-- Detecting CXX compiler ABI info - done
-- Check for working CXX compiler: /usr/bin/g++-11 - skipped
-- Detecting CXX compile features
-- Detecting CXX compile features - done
-- MKL NOT ENABLED
-- Found BLAS: /usr/lib/x86_64-linux-gnu/libopenblas.so
-- Found LAPACK: /usr/lib/x86_64-linux-gnu/libopenblas.so
-- Found OpenMP_C: -fopenmp (found version "4.5")
-- Found OpenMP_CXX: -fopenmp (found version "4.5")
-- Found OpenMP: TRUE (found version "4.5")
-- 
-- Configured Eigen 5.0.0-dev+6ede62db
-- 
-- Found CUDAToolkit: /usr/local/cuda-12.5/targets/x86_64-linux/include (found version "12.5.82")
-- Performing Test CMAKE_HAVE_LIBC_PTHREAD
-- Performing Test CMAKE_HAVE_LIBC_PTHREAD - Failed
-- Looking for pthread_create in pthreads
-- Looking for pthread_create in pthreads - not found
-- Looking for pthread_create in pthread
-- Looking for pthread_create in pthread - found
-- Found Threads: TRUE
-- The CUDA compiler identification is NVIDIA 12.5.82
-- Detecting CUDA compiler ABI info
-- Detecting CUDA compiler ABI info - done
-- Check for working CUDA compiler: /usr/local/cuda-12.5/bin/nvcc - skipped
-- Detecting CUDA compile features
-- Detecting CUDA compile features - done
-- Configuring done (3.9s)
-- Generating done (0.2s)
-- Build files have been written to: /home/abduraa/MX_project/ooc-cholesky/build
--- 3. Building Libraries (Plasma and mixed_kernels) ---
[  3%] Building CXX object mixed_kernels/CMakeFiles/mixed_kernels.dir/gemm.cpp.o
[  3%] Building CUDA object mixed_kernels/CMakeFiles/mixed_kernels.dir/casting.cu.o
[  3%] Building CXX object mixed_kernels/CMakeFiles/mixed_kernels.dir/syrk.cpp.o
[  4%] Linking CXX static library libmixed_kernels.a
[  4%] Built target mixed_kernels
[  8%] Building CXX object CMakeFiles/plasma.dir/control/control.cpp.o
[ 11%] Building C object CMakeFiles/plasma.dir/control/async.c.o
[ 17%] Building C object CMakeFiles/plasma.dir/control/plasma_threadsetting.c.o
[ 18%] Building C object CMakeFiles/plasma.dir/control/plasmaos.c.o
[ 11%] Building C object CMakeFiles/plasma.dir/control/auxiliary.c.o
[ 23%] Building C object CMakeFiles/plasma.dir/core_blas/core_dgemm.c.o
[ 18%] Building C object CMakeFiles/plasma.dir/control/descriptor.c.o
[ 18%] Building C object CMakeFiles/plasma.dir/quark/quark.c.o
[ 18%] Building C object CMakeFiles/plasma.dir/control/context.c.o
[ 18%] Building C object CMakeFiles/plasma.dir/control/allocate.c.o
[ 32%] Building C object CMakeFiles/plasma.dir/core_blas/primes.c.o
[ 18%] Building C object CMakeFiles/plasma.dir/quark/icl_hash.c.o
[ 32%] Building C object CMakeFiles/plasma.dir/core_blas/global.c.o
[ 32%] Building C object CMakeFiles/plasma.dir/core_blas/core_dpotrf.c.o
[ 32%] Building C object CMakeFiles/plasma.dir/core_blas/gkkleader.c.o
[ 32%] Building C object CMakeFiles/plasma.dir/core_blas/descriptor.c.o
[ 32%] Building C object CMakeFiles/plasma.dir/quark/quarkos.c.o
[ 32%] Building C object CMakeFiles/plasma.dir/quark/icl_list.c.o
[ 32%] Building C object CMakeFiles/plasma.dir/control/pdtile.c.o
[ 44%] Building C object CMakeFiles/plasma.dir/core_blas-qwrapper/qwrapper_dlacpy.c.o
[ 32%] Building C object CMakeFiles/plasma.dir/core_blas-qwrapper/qwrapper_alloc.c.o
[ 35%] Building C object CMakeFiles/plasma.dir/core_blas-qwrapper/qwrapper_dshift.c.o
[ 51%] Building C object CMakeFiles/plasma.dir/core_blas-qwrapper/qwrapper_dpotrf.c.o
[ 51%] Building C object CMakeFiles/plasma.dir/core_blas/core_dtrsm.c.o
[ 51%] Building C object CMakeFiles/plasma.dir/core_blas-qwrapper/qwrapper_dsyrk.c.o
[ 51%] Building C object CMakeFiles/plasma.dir/core_blas/core_dlacpy.c.o
[ 51%] Building C object CMakeFiles/plasma.dir/core_blas/core_dgetrip.c.o
[ 51%] Building C object CMakeFiles/plasma.dir/core_blas/core_dshift.c.o
[ 51%] Building C object CMakeFiles/plasma.dir/core_blas/core_dswpab.c.o
[ 51%] Building CXX object CMakeFiles/plasma.dir/control/pdtile_dist.cpp.o
[ 51%] Building C object CMakeFiles/plasma.dir/core_blas/core_dsyrk.c.o
[ 51%] Building C object CMakeFiles/plasma.dir/core_blas/core_dplgsy.c.o
[ 51%] Building C object CMakeFiles/plasma.dir/core_blas-qwrapper/qwrapper_dtrmm.c.o
[ 51%] Building C object CMakeFiles/plasma.dir/core_blas-qwrapper/qwrapper_dgemm.c.o
[ 51%] Building C object CMakeFiles/plasma.dir/core_blas-qwrapper/qwrapper_dtrsm.c.o
[ 70%] Building C object CMakeFiles/plasma.dir/core_blas-qwrapper/qwrapper_dpltmg.c.o
[ 51%] Building C object CMakeFiles/plasma.dir/compute/dgecfi2.c.o
[ 70%] Building C object CMakeFiles/plasma.dir/compute/pdpotrf.c.o
[ 70%] Building C object CMakeFiles/plasma.dir/core_blas-qwrapper/qwrapper_dplgsy.c.o
[ 70%] Building C object CMakeFiles/plasma.dir/compute/dlacpy.c.o
[ 70%] Building C object CMakeFiles/plasma.dir/compute/pdpack.c.o
[ 70%] Building C object CMakeFiles/plasma.dir/core_blas-qwrapper/qwrapper_dgetrip.c.o
[ 70%] Building C object CMakeFiles/plasma.dir/compute/dgecfi.c.o
[ 70%] Building C object CMakeFiles/plasma.dir/compute/pdlacpy.c.o
[ 70%] Building C object CMakeFiles/plasma.dir/compute/pdgetmi2.c.o
[ 70%] Building C object CMakeFiles/plasma.dir/compute/pdplgsy.c.o
[ 70%] Building C object CMakeFiles/plasma.dir/compute/dplgsy.c.o
[ 70%] Building C object CMakeFiles/plasma.dir/compute/dpotrf_gpu.c.o
[ 70%] Building C object CMakeFiles/plasma.dir/compute/pdshift.c.o
[ 70%] Building C object CMakeFiles/plasma.dir/compute/dpotrf.c.o
[ 86%] Building C object CMakeFiles/plasma.dir/compute/dgemm.c.o
[ 70%] Building C object CMakeFiles/plasma.dir/core_blas/core_dpltmg.c.o
[ 86%] Building C object CMakeFiles/plasma.dir/core_blas/core_dplrnt.c.o
[ 86%] Building C object CMakeFiles/plasma.dir/compute/dplrnt.c.o
[ 86%] Building C object CMakeFiles/plasma.dir/compute/dtrmm.c.o
[ 86%] Building CXX object CMakeFiles/plasma.dir/compute/dpotrf_hpcasia24.cpp.o
[ 86%] Building CXX object CMakeFiles/plasma.dir/control/event.cpp.o
[ 93%] Building CXX object CMakeFiles/plasma.dir/compute/pdpotrf_gpu_mixed_precision.cpp.o
[ 86%] Building C object CMakeFiles/plasma.dir/compute/dtrsm.c.o
[ 93%] Building CXX object CMakeFiles/plasma.dir/compute/dpotrf_gpu_dist.cpp.o
[ 93%] Building CXX object CMakeFiles/plasma.dir/compute/pdpotrf_gpu_dist_mixed_precision.cpp.o
[ 86%] Building C object CMakeFiles/plasma.dir/compute/pdpltmg.c.o
[ 86%] Building C object CMakeFiles/plasma.dir/compute/pdtrsm.c.o
[ 86%] Building C object CMakeFiles/plasma.dir/compute/dpltmg.c.o
[ 86%] Building C object CMakeFiles/plasma.dir/compute/pdtrmm.c.o
[ 86%] Building CXX object CMakeFiles/plasma.dir/compute/dpotrf_mixed_precision.cpp.o
[ 86%] Building CXX object CMakeFiles/plasma.dir/compute/pdpotrf_gpu_hpcasia24.cpp.o
[ 93%] Building CXX object CMakeFiles/plasma.dir/compute/dpotrf_gpu_dist_mixed_precision.cpp.o
[ 93%] Building CUDA object CMakeFiles/plasma.dir/mx_quant/mx_wrapper.cu.o
[ 93%] Building CXX object CMakeFiles/plasma.dir/compute/pdpotrf_gpu_dist.cpp.o
[ 93%] Building CUDA object CMakeFiles/plasma.dir/compute/castType.cu.o
[ 93%] Building C object CMakeFiles/plasma.dir/compute/pdpotrf_gpu.c.o
[ 95%] Linking CXX static library libplasma.a
[ 95%] Built target plasma
[ 97%] Building CXX object CMakeFiles/example_dpotrf_gpu.dir/examples/example_dpotrf_gpu.cpp.o
[ 97%] Building C object CMakeFiles/example_dpotrf.dir/examples/example_dpotrf.c.o
[ 98%] Linking CXX executable example_dpotrf
[ 98%] Built target example_dpotrf
[100%] Linking CXX executable example_dpotrf_gpu
[100%] Built target example_dpotrf_gpu
--- 4. Moving to Examples and Compiling Custom CUDA Object (mx_wrapper.o) ---
--- 5. Linking Final Executable (example_tiled_SPD) ---
--- 6. Running the Mixed-Precision Executable ---
[DEBUG] using NB=256 (autotune=0)

[DEBUG] --- ENTERING makeMixedPrecisionTiledArray ---
[DEBUG] nb used: 256, nt: 8
[DEBUG] Epsilon Ratio for Tile (0, 0): 2.75796

[DEBUG] Epsilon Ratio for Tile (0, 0): 2.75796
[DEBUG] Source Epsilon / FP32 Epsilon: 8.38861
[DEBUG] Epsilon Ratio for Tile (1, 0): 0.453377
---------------- Tile (1, 0) selected for CUDA_R_32F -------------------
[DEBUG] Epsilon Ratio for Tile (1, 1): 2.75354

[DEBUG] Epsilon Ratio for Tile (1, 1): 2.75354
[DEBUG] Source Epsilon / FP32 Epsilon: 8.38861
[DEBUG] Epsilon Ratio for Tile (2, 0): 0.281663
---------------- Tile (2, 0) selected for CUDA_R_32F -------------------
[DEBUG] Epsilon Ratio for Tile (2, 1): 0.293157
---------------- Tile (2, 1) selected for CUDA_R_32F -------------------
[DEBUG] Epsilon Ratio for Tile (2, 2): 2.72173

[DEBUG] Epsilon Ratio for Tile (2, 2): 2.72173
[DEBUG] Source Epsilon / FP32 Epsilon: 8.38861
[DEBUG] Epsilon Ratio for Tile (3, 0): 0.015614
---------------- Tile (3, 0) selected for CUDA_R_32F -------------------
[DEBUG] Epsilon Ratio for Tile (3, 1): 0.274011
---------------- Tile (3, 1) selected for CUDA_R_32F -------------------
[DEBUG] Epsilon Ratio for Tile (3, 2): 0.480553
---------------- Tile (3, 2) selected for CUDA_R_32F -------------------
[DEBUG] Epsilon Ratio for Tile (3, 3): 2.75155

[DEBUG] Epsilon Ratio for Tile (3, 3): 2.75155
[DEBUG] Source Epsilon / FP32 Epsilon: 8.38861
[DEBUG] Epsilon Ratio for Tile (4, 0): 5.24391e-05
--- Tile (4, 0) selected for CUDA_R_32F (MX E4M3 Quantization) ---
  Tile Size: 65536, Global Max: 6.43161e-05
  Launching mx_quantize_fp32_to_mx kernel (ebits=4, mbits=3, norm=448.0f)...
[DEBUG] Epsilon Ratio for Tile (4, 1): 0.405839
---------------- Tile (4, 1) selected for CUDA_R_32F -------------------
[DEBUG] Epsilon Ratio for Tile (4, 2): 0.232217
---------------- Tile (4, 2) selected for CUDA_R_32F -------------------
[DEBUG] Epsilon Ratio for Tile (4, 3): 0.236442
---------------- Tile (4, 3) selected for CUDA_R_32F -------------------
[DEBUG] Epsilon Ratio for Tile (4, 4): 2.72052

[DEBUG] Epsilon Ratio for Tile (4, 4): 2.72052
[DEBUG] Source Epsilon / FP32 Epsilon: 8.38861
[DEBUG] Epsilon Ratio for Tile (5, 0): 2.536e-08
--- Tile (5, 0) selected for CUDA_R_32F (MX E4M3 Quantization) ---
  Tile Size: 65536, Global Max: 4.90797e-08
  Launching mx_quantize_fp32_to_mx kernel (ebits=4, mbits=3, norm=448.0f)...
[DEBUG] Epsilon Ratio for Tile (5, 1): 0.000161369
--- Tile (5, 1) selected for CUDA_R_32F (MX E4M3 Quantization) ---
  Tile Size: 65536, Global Max: 0.000459112
  Launching mx_quantize_fp32_to_mx kernel (ebits=4, mbits=3, norm=448.0f)...
[DEBUG] Epsilon Ratio for Tile (5, 2): 0.00032555
--- Tile (5, 2) selected for CUDA_R_32F (MX E4M3 Quantization) ---
  Tile Size: 65536, Global Max: 0.000947867
  Launching mx_quantize_fp32_to_mx kernel (ebits=4, mbits=3, norm=448.0f)...
[DEBUG] Epsilon Ratio for Tile (5, 3): 0.000214677
--- Tile (5, 3) selected for CUDA_R_32F (MX E4M3 Quantization) ---
  Tile Size: 65536, Global Max: 0.000897124
  Launching mx_quantize_fp32_to_mx kernel (ebits=4, mbits=3, norm=448.0f)...
[DEBUG] Epsilon Ratio for Tile (5, 4): 0.475642
---------------- Tile (5, 4) selected for CUDA_R_32F -------------------
[DEBUG] Epsilon Ratio for Tile (5, 5): 2.75043

[DEBUG] Epsilon Ratio for Tile (5, 5): 2.75043
[DEBUG] Source Epsilon / FP32 Epsilon: 8.38861
[DEBUG] Epsilon Ratio for Tile (6, 0): 6.11394e-06
--- Tile (6, 0) selected for CUDA_R_32F (MX E4M3 Quantization) ---
  Tile Size: 65536, Global Max: 2.55019e-05
  Launching mx_quantize_fp32_to_mx kernel (ebits=4, mbits=3, norm=448.0f)...
[DEBUG] Epsilon Ratio for Tile (6, 1): 0.00760673
---------------- Tile (6, 1) selected for CUDA_R_32F -------------------
[DEBUG] Epsilon Ratio for Tile (6, 2): 0.0742731
---------------- Tile (6, 2) selected for CUDA_R_32F -------------------
[DEBUG] Epsilon Ratio for Tile (6, 3): 0.403332
---------------- Tile (6, 3) selected for CUDA_R_32F -------------------
[DEBUG] Epsilon Ratio for Tile (6, 4): 0.328357
---------------- Tile (6, 4) selected for CUDA_R_32F -------------------
[DEBUG] Epsilon Ratio for Tile (6, 5): 0.360942
---------------- Tile (6, 5) selected for CUDA_R_32F -------------------
[DEBUG] Epsilon Ratio for Tile (6, 6): 2.72955

[DEBUG] Epsilon Ratio for Tile (6, 6): 2.72955
[DEBUG] Source Epsilon / FP32 Epsilon: 8.38861
[DEBUG] Epsilon Ratio for Tile (7, 0): 6.54534e-10
--- Tile (7, 0) selected for CUDA_R_32F (MX E4M3 Quantization) ---
  Tile Size: 65536, Global Max: 1.70954e-09
  Launching mx_quantize_fp32_to_mx kernel (ebits=4, mbits=3, norm=448.0f)...
[DEBUG] Epsilon Ratio for Tile (7, 1): 1.75407e-06
--- Tile (7, 1) selected for CUDA_R_32F (MX E4M3 Quantization) ---
  Tile Size: 65536, Global Max: 6.2684e-06
  Launching mx_quantize_fp32_to_mx kernel (ebits=4, mbits=3, norm=448.0f)...
[DEBUG] Epsilon Ratio for Tile (7, 2): 1.10568e-05
--- Tile (7, 2) selected for CUDA_R_32F (MX E4M3 Quantization) ---
  Tile Size: 65536, Global Max: 3.0424e-05
  Launching mx_quantize_fp32_to_mx kernel (ebits=4, mbits=3, norm=448.0f)...
[DEBUG] Epsilon Ratio for Tile (7, 3): 0.000293021
--- Tile (7, 3) selected for CUDA_R_32F (MX E4M3 Quantization) ---
  Tile Size: 65536, Global Max: 0.000794519
  Launching mx_quantize_fp32_to_mx kernel (ebits=4, mbits=3, norm=448.0f)...
[DEBUG] Epsilon Ratio for Tile (7, 4): 0.00538868
---------------- Tile (7, 4) selected for CUDA_R_32F -------------------
[DEBUG] Epsilon Ratio for Tile (7, 5): 0.218925
---------------- Tile (7, 5) selected for CUDA_R_32F -------------------
[DEBUG] Epsilon Ratio for Tile (7, 6): 0.520624
---------------- Tile (7, 6) selected for CUDA_R_32F -------------------
[DEBUG] Epsilon Ratio for Tile (7, 7): 2.7586

[DEBUG] Epsilon Ratio for Tile (7, 7): 2.7586
[DEBUG] Source Epsilon / FP32 Epsilon: 8.38861
FLOPS: 0.021729
[TIMES] tile+quant(us): 252325, factor(us): 131811, uncompress(us): 0
Runtime: 504949563 microseconds
error: 0.0122154
kl_divergence: nan
Log: /home/abduraa/MX_project/logs/mx_ooc_data/run_20260212_130326.log
Tiling CSV: /home/abduraa/MX_project/logs/mx_ooc_data/plots/tiling_20260212_130326.csv
Tiling PNG: /home/abduraa/MX_project/logs/mx_ooc_data/plots/tiling_20260212_130326.png
Summary: /home/abduraa/MX_project/logs/mx_ooc_data/summary_rel_error.txt
--- Script Execution Complete ---
