[DEBUG] using NB=4096 (autotune=0)

[DEBUG] --- ENTERING makeMixedPrecisionTiledArray ---
[DEBUG] nb used: 4096, nt: 8

[DEBUG] Epsilon Ratio for Tile (0, 0): 2.73311
[DEBUG] Source Epsilon / FP32 Epsilon: 8.38861
[DEBUG] Low format cutoff (mx_e4m3): 1.59955e-05 (scale-aware=1)
[TILE_TARGET] (0, 0) fp64
[TILE_DTYPE] (0, 0) fp64
[BOUND_SELECT] tile(1,0) fp32_bucket=fp32 fp16_bucket=fp16 low_bucket=mx_e4m3 ladder=full low_order=e4m3_first ranking=legacy mode=vec1d subtile=32
[BOUND_EVAL] tile(1,0) fmt=e2m1 fits=0 overflow=0 uses_scale=1 u=0.25 fmin=1 fmax=6 gmin=0.5 tol=0.000133615 nrmE=17.45 nrmF=35.4738 nrmE+nrmF=52.9238 underflows=12845785 scale_groups=524288 s_min=2 s_avg=5.81955e+07 s_max=1.37439e+11
[BOUND_EVAL] tile(1,0) fmt=mx_e4m3 fits=0 overflow=0 uses_scale=1 u=0.0625 fmin=0.015625 fmax=448 gmin=0.0078125 tol=0.000133615 nrmE=4.3625 nrmF=0.0857152 nrmE+nrmF=4.44821 underflows=108989 scale_groups=524288 s_min=2 s_avg=5.81955e+07 s_max=1.37439e+11
[BOUND_EVAL] tile(1,0) fmt=mx_fp16 fits=0 overflow=0 uses_scale=1 u=0.000976562 fmin=6.10352e-05 fmax=65504 gmin=3.05176e-05 tol=0.000133615 nrmE=0.068164 nrmF=0 nrmE+nrmF=0.068164 underflows=0 scale_groups=524288 s_min=2 s_avg=5.81955e+07 s_max=1.37439e+11
[BOUND_EVAL] tile(1,0) fmt=fp32 fits=1 overflow=0 uses_scale=0 u=1.19209e-07 fmin=1.17549e-38 fmax=3.40282e+38 gmin=5.87747e-39 tol=0.000133615 nrmE=8.3208e-06 nrmF=0 nrmE+nrmF=8.3208e-06 underflows=0 scale_groups=0 s_min=1 s_avg=1 s_max=1
[TILE_TARGET] (1, 0) fp32
[BOUND_DECISION] tile(1,0) selected=fp32 reason=ladder_accept step=3 fp32_fit=1 fp16_fit=0 low_fit=0 fp32_overflow=0 fp16_overflow=0 low_overflow=0
[TILE_DTYPE] (1, 0) fp32

[DEBUG] Epsilon Ratio for Tile (1, 1): 2.73089
[DEBUG] Source Epsilon / FP32 Epsilon: 8.38861
[DEBUG] Low format cutoff (mx_e4m3): 1.59955e-05 (scale-aware=1)
[TILE_TARGET] (1, 1) fp64
[TILE_DTYPE] (1, 1) fp64
[BOUND_SELECT] tile(2,0) fp32_bucket=fp32 fp16_bucket=fp16 low_bucket=mx_e4m3 ladder=full low_order=e4m3_first ranking=legacy mode=vec1d subtile=32
[BOUND_EVAL] tile(2,0) fmt=e2m1 fits=0 overflow=0 uses_scale=1 u=0.25 fmin=1 fmax=6 gmin=0.5 tol=0.000133615 nrmE=11.3163 nrmF=24.5906 nrmE+nrmF=35.9069 underflows=13453399 scale_groups=524288 s_min=2 s_avg=3.4448e+13 s_max=1.80144e+16
[BOUND_EVAL] tile(2,0) fmt=mx_e4m3 fits=0 overflow=0 uses_scale=1 u=0.0625 fmin=0.015625 fmax=448 gmin=0.0078125 tol=0.000133615 nrmE=2.82907 nrmF=0.0624861 nrmE+nrmF=2.89156 underflows=285050 scale_groups=524288 s_min=2 s_avg=3.4448e+13 s_max=1.80144e+16
[BOUND_EVAL] tile(2,0) fmt=mx_fp16 fits=0 overflow=0 uses_scale=1 u=0.000976562 fmin=6.10352e-05 fmax=65504 gmin=3.05176e-05 tol=0.000133615 nrmE=0.0442042 nrmF=0 nrmE+nrmF=0.0442042 underflows=0 scale_groups=524288 s_min=2 s_avg=3.4448e+13 s_max=1.80144e+16
[BOUND_EVAL] tile(2,0) fmt=fp32 fits=1 overflow=0 uses_scale=0 u=1.19209e-07 fmin=1.17549e-38 fmax=3.40282e+38 gmin=5.87747e-39 tol=0.000133615 nrmE=5.39602e-06 nrmF=0 nrmE+nrmF=5.39602e-06 underflows=0 scale_groups=0 s_min=1 s_avg=1 s_max=1
[TILE_TARGET] (2, 0) fp32
[BOUND_DECISION] tile(2,0) selected=fp32 reason=ladder_accept step=3 fp32_fit=1 fp16_fit=0 low_fit=0 fp32_overflow=0 fp16_overflow=0 low_overflow=0
[TILE_DTYPE] (2, 0) fp32
[BOUND_SELECT] tile(2,1) fp32_bucket=fp32 fp16_bucket=fp16 low_bucket=mx_e4m3 ladder=full low_order=e4m3_first ranking=legacy mode=vec1d subtile=32
[BOUND_EVAL] tile(2,1) fmt=e2m1 fits=0 overflow=0 uses_scale=1 u=0.25 fmin=1 fmax=6 gmin=0.5 tol=0.000133615 nrmE=8.05592 nrmF=16.8597 nrmE+nrmF=24.9156 underflows=13966159 scale_groups=524288 s_min=2 s_avg=1.70873e+14 s_max=2.8823e+17
[BOUND_EVAL] tile(2,1) fmt=mx_e4m3 fits=0 overflow=0 uses_scale=1 u=0.0625 fmin=0.015625 fmax=448 gmin=0.0078125 tol=0.000133615 nrmE=2.01398 nrmF=0.00555222 nrmE+nrmF=2.01953 underflows=347940 scale_groups=524288 s_min=2 s_avg=1.70873e+14 s_max=2.8823e+17
[BOUND_EVAL] tile(2,1) fmt=mx_fp16 fits=0 overflow=0 uses_scale=1 u=0.000976562 fmin=6.10352e-05 fmax=65504 gmin=3.05176e-05 tol=0.000133615 nrmE=0.0314684 nrmF=3.26339e-07 nrmE+nrmF=0.0314688 underflows=85461 scale_groups=524288 s_min=2 s_avg=1.70873e+14 s_max=2.8823e+17
[BOUND_EVAL] tile(2,1) fmt=fp32 fits=1 overflow=0 uses_scale=0 u=1.19209e-07 fmin=1.17549e-38 fmax=3.40282e+38 gmin=5.87747e-39 tol=0.000133615 nrmE=3.84136e-06 nrmF=0 nrmE+nrmF=3.84136e-06 underflows=0 scale_groups=0 s_min=1 s_avg=1 s_max=1
[TILE_TARGET] (2, 1) fp32
[BOUND_DECISION] tile(2,1) selected=fp32 reason=ladder_accept step=3 fp32_fit=1 fp16_fit=0 low_fit=0 fp32_overflow=0 fp16_overflow=0 low_overflow=0
[TILE_DTYPE] (2, 1) fp32

[DEBUG] Epsilon Ratio for Tile (2, 2): 2.71759
[DEBUG] Source Epsilon / FP32 Epsilon: 8.38861
[DEBUG] Low format cutoff (mx_e4m3): 1.59955e-05 (scale-aware=1)
[TILE_TARGET] (2, 2) fp64
[TILE_DTYPE] (2, 2) fp64
[BOUND_SELECT] tile(3,0) fp32_bucket=fp32 fp16_bucket=fp16 low_bucket=mx_e4m3 ladder=full low_order=e4m3_first ranking=legacy mode=vec1d subtile=32
[BOUND_EVAL] tile(3,0) fmt=e2m1 fits=0 overflow=0 uses_scale=1 u=0.25 fmin=1 fmax=6 gmin=0.5 tol=0.000133615 nrmE=1.21283 nrmF=2.5846 nrmE+nrmF=3.79743 underflows=13090660 scale_groups=524288 s_min=4 s_avg=3.02498e+14 s_max=5.76461e+17
[BOUND_EVAL] tile(3,0) fmt=mx_e4m3 fits=0 overflow=0 uses_scale=1 u=0.0625 fmin=0.015625 fmax=448 gmin=0.0078125 tol=0.000133615 nrmE=0.303207 nrmF=0.000711879 nrmE+nrmF=0.303919 underflows=194242 scale_groups=524288 s_min=4 s_avg=3.02498e+14 s_max=5.76461e+17
[BOUND_EVAL] tile(3,0) fmt=mx_fp16 fits=0 overflow=0 uses_scale=1 u=0.000976562 fmin=6.10352e-05 fmax=65504 gmin=3.05176e-05 tol=0.000133615 nrmE=0.0047376 nrmF=0 nrmE+nrmF=0.0047376 underflows=0 scale_groups=524288 s_min=4 s_avg=3.02498e+14 s_max=5.76461e+17
[BOUND_EVAL] tile(3,0) fmt=fp32 fits=1 overflow=0 uses_scale=0 u=1.19209e-07 fmin=1.17549e-38 fmax=3.40282e+38 gmin=5.87747e-39 tol=0.000133615 nrmE=5.78321e-07 nrmF=0 nrmE+nrmF=5.78321e-07 underflows=0 scale_groups=0 s_min=1 s_avg=1 s_max=1
[TILE_TARGET] (3, 0) fp32
[BOUND_DECISION] tile(3,0) selected=fp32 reason=ladder_accept step=3 fp32_fit=1 fp16_fit=0 low_fit=0 fp32_overflow=0 fp16_overflow=0 low_overflow=0
[TILE_DTYPE] (3, 0) fp32
[BOUND_SELECT] tile(3,1) fp32_bucket=fp32 fp16_bucket=fp16 low_bucket=mx_e4m3 ladder=full low_order=e4m3_first ranking=legacy mode=vec1d subtile=32
[BOUND_EVAL] tile(3,1) fmt=e2m1 fits=0 overflow=0 uses_scale=1 u=0.25 fmin=1 fmax=6 gmin=0.5 tol=0.000133615 nrmE=10.9952 nrmF=22.4227 nrmE+nrmF=33.4179 underflows=13685510 scale_groups=524288 s_min=2 s_avg=2.96384e+13 s_max=1.80144e+16
[BOUND_EVAL] tile(3,1) fmt=mx_e4m3 fits=0 overflow=0 uses_scale=1 u=0.0625 fmin=0.015625 fmax=448 gmin=0.0078125 tol=0.000133615 nrmE=2.74881 nrmF=0.0785742 nrmE+nrmF=2.82738 underflows=336633 scale_groups=524288 s_min=2 s_avg=2.96384e+13 s_max=1.80144e+16
[BOUND_EVAL] tile(3,1) fmt=mx_fp16 fits=0 overflow=0 uses_scale=1 u=0.000976562 fmin=6.10352e-05 fmax=65504 gmin=3.05176e-05 tol=0.000133615 nrmE=0.0429501 nrmF=3.37331e-07 nrmE+nrmF=0.0429504 underflows=86016 scale_groups=524288 s_min=2 s_avg=2.96384e+13 s_max=1.80144e+16
[BOUND_EVAL] tile(3,1) fmt=fp32 fits=1 overflow=0 uses_scale=0 u=1.19209e-07 fmin=1.17549e-38 fmax=3.40282e+38 gmin=5.87747e-39 tol=0.000133615 nrmE=5.24293e-06 nrmF=0 nrmE+nrmF=5.24293e-06 underflows=0 scale_groups=0 s_min=1 s_avg=1 s_max=1
[TILE_TARGET] (3, 1) fp32
[BOUND_DECISION] tile(3,1) selected=fp32 reason=ladder_accept step=3 fp32_fit=1 fp16_fit=0 low_fit=0 fp32_overflow=0 fp16_overflow=0 low_overflow=0
[TILE_DTYPE] (3, 1) fp32
[BOUND_SELECT] tile(3,2) fp32_bucket=fp32 fp16_bucket=fp16 low_bucket=mx_e4m3 ladder=full low_order=e4m3_first ranking=legacy mode=vec1d subtile=32
[BOUND_EVAL] tile(3,2) fmt=e2m1 fits=0 overflow=0 uses_scale=1 u=0.25 fmin=1 fmax=6 gmin=0.5 tol=0.000133615 nrmE=18.0128 nrmF=37.4208 nrmE+nrmF=55.4336 underflows=12866451 scale_groups=524288 s_min=2 s_avg=5.3261e+07 s_max=6.87195e+10
[BOUND_EVAL] tile(3,2) fmt=mx_e4m3 fits=0 overflow=0 uses_scale=1 u=0.0625 fmin=0.015625 fmax=448 gmin=0.0078125 tol=0.000133615 nrmE=4.50321 nrmF=0.092258 nrmE+nrmF=4.59546 underflows=188756 scale_groups=524288 s_min=2 s_avg=5.3261e+07 s_max=6.87195e+10
[BOUND_EVAL] tile(3,2) fmt=mx_fp16 fits=0 overflow=0 uses_scale=1 u=0.000976562 fmin=6.10352e-05 fmax=65504 gmin=3.05176e-05 tol=0.000133615 nrmE=0.0703626 nrmF=1.10934e-05 nrmE+nrmF=0.0703737 underflows=5729 scale_groups=524288 s_min=2 s_avg=5.3261e+07 s_max=6.87195e+10
[BOUND_EVAL] tile(3,2) fmt=fp32 fits=1 overflow=0 uses_scale=0 u=1.19209e-07 fmin=1.17549e-38 fmax=3.40282e+38 gmin=5.87747e-39 tol=0.000133615 nrmE=8.58918e-06 nrmF=0 nrmE+nrmF=8.58918e-06 underflows=0 scale_groups=0 s_min=1 s_avg=1 s_max=1
[TILE_TARGET] (3, 2) fp32
[BOUND_DECISION] tile(3,2) selected=fp32 reason=ladder_accept step=3 fp32_fit=1 fp16_fit=0 low_fit=0 fp32_overflow=0 fp16_overflow=0 low_overflow=0
[TILE_DTYPE] (3, 2) fp32

[DEBUG] Epsilon Ratio for Tile (3, 3): 2.73119
[DEBUG] Source Epsilon / FP32 Epsilon: 8.38861
[DEBUG] Low format cutoff (mx_e4m3): 1.59955e-05 (scale-aware=1)
[TILE_TARGET] (3, 3) fp64
[TILE_DTYPE] (3, 3) fp64
[BOUND_SELECT] tile(4,0) fp32_bucket=fp32 fp16_bucket=fp16 low_bucket=mx_e4m3 ladder=full low_order=e4m3_first ranking=legacy mode=vec1d subtile=32
[BOUND_EVAL] tile(4,0) fmt=e2m1 fits=0 overflow=0 uses_scale=1 u=0.25 fmin=1 fmax=6 gmin=0.5 tol=0.000133615 nrmE=0.00202697 nrmF=0.00401804 nrmE+nrmF=0.00604501 underflows=12450235 scale_groups=524288 s_min=16384 s_avg=1.53078e+13 s_max=5.76461e+17
[BOUND_EVAL] tile(4,0) fmt=mx_e4m3 fits=0 overflow=0 uses_scale=1 u=0.0625 fmin=0.015625 fmax=448 gmin=0.0078125 tol=0.000133615 nrmE=0.000506742 nrmF=1.20084e-05 nrmE+nrmF=0.00051875 underflows=91076 scale_groups=524288 s_min=16384 s_avg=1.53078e+13 s_max=5.76461e+17
[BOUND_EVAL] tile(4,0) fmt=mx_fp16 fits=1 overflow=0 uses_scale=1 u=0.000976562 fmin=6.10352e-05 fmax=65504 gmin=3.05176e-05 tol=0.000133615 nrmE=7.91784e-06 nrmF=0 nrmE+nrmF=7.91784e-06 underflows=0 scale_groups=524288 s_min=16384 s_avg=1.53078e+13 s_max=5.76461e+17
[TILE_TARGET] (4, 0) mx_fp16
--- Tile (4, 0) selected for CUDA_R_32F (MX_FP16 Quantization) ---
  Tile Size: 16777216, MaxVals: 7.09508e-05, Mode: vec1d
[BOUND_DECISION] tile(4,0) selected=mx_fp16 reason=ladder_accept step=2 fp32_fit=0 fp16_fit=0 low_fit=0 fp32_overflow=0 fp16_overflow=0 low_overflow=0
[TILE_DTYPE] (4, 0) fp32
[BOUND_SELECT] tile(4,1) fp32_bucket=fp32 fp16_bucket=fp16 low_bucket=mx_e4m3 ladder=full low_order=e4m3_first ranking=legacy mode=vec1d subtile=32
[BOUND_EVAL] tile(4,1) fmt=e2m1 fits=0 overflow=0 uses_scale=1 u=0.25 fmin=1 fmax=6 gmin=0.5 tol=0.000133615 nrmE=16.343 nrmF=33.3769 nrmE+nrmF=49.7199 underflows=12792727 scale_groups=524288 s_min=2 s_avg=5.47169e+11 s_max=9.0072e+15
[BOUND_EVAL] tile(4,1) fmt=mx_e4m3 fits=0 overflow=0 uses_scale=1 u=0.0625 fmin=0.015625 fmax=448 gmin=0.0078125 tol=0.000133615 nrmE=4.08575 nrmF=0.104501 nrmE+nrmF=4.19025 underflows=262676 scale_groups=524288 s_min=2 s_avg=5.47169e+11 s_max=9.0072e+15
[BOUND_EVAL] tile(4,1) fmt=mx_fp16 fits=0 overflow=0 uses_scale=1 u=0.000976562 fmin=6.10352e-05 fmax=65504 gmin=3.05176e-05 tol=0.000133615 nrmE=0.0638398 nrmF=4.87237e-08 nrmE+nrmF=0.0638398 underflows=2344 scale_groups=524288 s_min=2 s_avg=5.47169e+11 s_max=9.0072e+15
[BOUND_EVAL] tile(4,1) fmt=fp32 fits=1 overflow=0 uses_scale=0 u=1.19209e-07 fmin=1.17549e-38 fmax=3.40282e+38 gmin=5.87747e-39 tol=0.000133615 nrmE=7.79294e-06 nrmF=0 nrmE+nrmF=7.79294e-06 underflows=0 scale_groups=0 s_min=1 s_avg=1 s_max=1
[TILE_TARGET] (4, 1) fp32
[BOUND_DECISION] tile(4,1) selected=fp32 reason=ladder_accept step=3 fp32_fit=1 fp16_fit=0 low_fit=0 fp32_overflow=0 fp16_overflow=0 low_overflow=0
[TILE_DTYPE] (4, 1) fp32
[BOUND_SELECT] tile(4,2) fp32_bucket=fp32 fp16_bucket=fp16 low_bucket=mx_e4m3 ladder=full low_order=e4m3_first ranking=legacy mode=vec1d subtile=32
[BOUND_EVAL] tile(4,2) fmt=e2m1 fits=0 overflow=0 uses_scale=1 u=0.25 fmin=1 fmax=6 gmin=0.5 tol=0.000133615 nrmE=5.49555 nrmF=11.0455 nrmE+nrmF=16.541 underflows=13942550 scale_groups=524288 s_min=2 s_avg=1.75645e+16 s_max=3.68935e+19
[BOUND_EVAL] tile(4,2) fmt=mx_e4m3 fits=0 overflow=0 uses_scale=1 u=0.0625 fmin=0.015625 fmax=448 gmin=0.0078125 tol=0.000133615 nrmE=1.37389 nrmF=2.68451e-06 nrmE+nrmF=1.37389 underflows=261692 scale_groups=524288 s_min=2 s_avg=1.75645e+16 s_max=3.68935e+19
[BOUND_EVAL] tile(4,2) fmt=mx_fp16 fits=0 overflow=0 uses_scale=1 u=0.000976562 fmin=6.10352e-05 fmax=65504 gmin=3.05176e-05 tol=0.000133615 nrmE=0.021467 nrmF=1.24163e-07 nrmE+nrmF=0.0214671 underflows=28181 scale_groups=524288 s_min=2 s_avg=1.75645e+16 s_max=3.68935e+19
[BOUND_EVAL] tile(4,2) fmt=fp32 fits=1 overflow=0 uses_scale=0 u=1.19209e-07 fmin=1.17549e-38 fmax=3.40282e+38 gmin=5.87747e-39 tol=0.000133615 nrmE=2.62048e-06 nrmF=0 nrmE+nrmF=2.62048e-06 underflows=0 scale_groups=0 s_min=1 s_avg=1 s_max=1
[TILE_TARGET] (4, 2) fp32
[BOUND_DECISION] tile(4,2) selected=fp32 reason=ladder_accept step=3 fp32_fit=1 fp16_fit=0 low_fit=0 fp32_overflow=0 fp16_overflow=0 low_overflow=0
[TILE_DTYPE] (4, 2) fp32
[BOUND_SELECT] tile(4,3) fp32_bucket=fp32 fp16_bucket=fp16 low_bucket=mx_e4m3 ladder=full low_order=e4m3_first ranking=legacy mode=vec1d subtile=32
[BOUND_EVAL] tile(4,3) fmt=e2m1 fits=0 overflow=0 uses_scale=1 u=0.25 fmin=1 fmax=6 gmin=0.5 tol=0.000133615 nrmE=2.96424 nrmF=6.01671 nrmE+nrmF=8.98094 underflows=13941074 scale_groups=524288 s_min=2 s_avg=2.44742e+14 s_max=5.76461e+17
[BOUND_EVAL] tile(4,3) fmt=mx_e4m3 fits=0 overflow=0 uses_scale=1 u=0.0625 fmin=0.015625 fmax=448 gmin=0.0078125 tol=0.000133615 nrmE=0.741059 nrmF=0.000722677 nrmE+nrmF=0.741782 underflows=193009 scale_groups=524288 s_min=2 s_avg=2.44742e+14 s_max=5.76461e+17
[BOUND_EVAL] tile(4,3) fmt=mx_fp16 fits=0 overflow=0 uses_scale=1 u=0.000976562 fmin=6.10352e-05 fmax=65504 gmin=3.05176e-05 tol=0.000133615 nrmE=0.011579 nrmF=2.0568e-08 nrmE+nrmF=0.0115791 underflows=52154 scale_groups=524288 s_min=2 s_avg=2.44742e+14 s_max=5.76461e+17
[BOUND_EVAL] tile(4,3) fmt=fp32 fits=1 overflow=0 uses_scale=0 u=1.19209e-07 fmin=1.17549e-38 fmax=3.40282e+38 gmin=5.87747e-39 tol=0.000133615 nrmE=1.41346e-06 nrmF=0 nrmE+nrmF=1.41346e-06 underflows=0 scale_groups=0 s_min=1 s_avg=1 s_max=1
[TILE_TARGET] (4, 3) fp32
[BOUND_DECISION] tile(4,3) selected=fp32 reason=ladder_accept step=3 fp32_fit=1 fp16_fit=0 low_fit=0 fp32_overflow=0 fp16_overflow=0 low_overflow=0
[TILE_DTYPE] (4, 3) fp32

[DEBUG] Epsilon Ratio for Tile (4, 4): 2.7327
[DEBUG] Source Epsilon / FP32 Epsilon: 8.38861
[DEBUG] Low format cutoff (mx_e4m3): 1.59955e-05 (scale-aware=1)
[TILE_TARGET] (4, 4) fp64
[TILE_DTYPE] (4, 4) fp64
[BOUND_SELECT] tile(5,0) fp32_bucket=fp32 fp16_bucket=fp16 low_bucket=mx_e4m3 ladder=full low_order=e4m3_first ranking=legacy mode=vec1d subtile=32
[BOUND_EVAL] tile(5,0) fmt=e2m1 fits=1 overflow=0 uses_scale=1 u=0.25 fmin=1 fmax=6 gmin=0.5 tol=0.000133615 nrmE=2.06825e-07 nrmF=4.14497e-07 nrmE+nrmF=6.21322e-07 underflows=12299383 scale_groups=524288 s_min=6.71089e+07 s_avg=8.49686e+14 s_max=1.15292e+18
[TILE_TARGET] (5, 0) e2m1
--- Tile (5, 0) selected for CUDA_R_32F (MX_E2M1 Quantization) ---
  Tile Size: 16777216, MaxVals: 1.54951e-08, Mode: vec1d
[BOUND_DECISION] tile(5,0) selected=e2m1 reason=ladder_accept step=0 fp32_fit=0 fp16_fit=0 low_fit=0 fp32_overflow=0 fp16_overflow=0 low_overflow=0
[TILE_DTYPE] (5, 0) fp32
[BOUND_SELECT] tile(5,1) fp32_bucket=fp32 fp16_bucket=fp16 low_bucket=mx_e4m3 ladder=full low_order=e4m3_first ranking=legacy mode=vec1d subtile=32
[BOUND_EVAL] tile(5,1) fmt=e2m1 fits=0 overflow=0 uses_scale=1 u=0.25 fmin=1 fmax=6 gmin=0.5 tol=0.000133615 nrmE=0.00227213 nrmF=0.00427772 nrmE+nrmF=0.00654985 underflows=12349548 scale_groups=524288 s_min=8192 s_avg=1.64254e+11 s_max=2.81475e+14
[BOUND_EVAL] tile(5,1) fmt=mx_e4m3 fits=0 overflow=0 uses_scale=1 u=0.0625 fmin=0.015625 fmax=448 gmin=0.0078125 tol=0.000133615 nrmE=0.000568032 nrmF=1.27804e-05 nrmE+nrmF=0.000580812 underflows=248227 scale_groups=524288 s_min=8192 s_avg=1.64254e+11 s_max=2.81475e+14
[BOUND_EVAL] tile(5,1) fmt=mx_fp16 fits=1 overflow=0 uses_scale=1 u=0.000976562 fmin=6.10352e-05 fmax=65504 gmin=3.05176e-05 tol=0.000133615 nrmE=8.8755e-06 nrmF=0 nrmE+nrmF=8.8755e-06 underflows=0 scale_groups=524288 s_min=8192 s_avg=1.64254e+11 s_max=2.81475e+14
[TILE_TARGET] (5, 1) mx_fp16
--- Tile (5, 1) selected for CUDA_R_32F (MX_FP16 Quantization) ---
  Tile Size: 16777216, MaxVals: 0.000193089, Mode: vec1d
[BOUND_DECISION] tile(5,1) selected=mx_fp16 reason=ladder_accept step=2 fp32_fit=0 fp16_fit=0 low_fit=0 fp32_overflow=0 fp16_overflow=0 low_overflow=0
[TILE_DTYPE] (5, 1) fp32
[BOUND_SELECT] tile(5,2) fp32_bucket=fp32 fp16_bucket=fp16 low_bucket=mx_e4m3 ladder=full low_order=e4m3_first ranking=legacy mode=vec1d subtile=32
[BOUND_EVAL] tile(5,2) fmt=e2m1 fits=0 overflow=0 uses_scale=1 u=0.25 fmin=1 fmax=6 gmin=0.5 tol=0.000133615 nrmE=0.00141295 nrmF=0.00260429 nrmE+nrmF=0.00401724 underflows=13750306 scale_groups=524288 s_min=8192 s_avg=8.79262e+18 s_max=1.88895e+22
[BOUND_EVAL] tile(5,2) fmt=mx_e4m3 fits=0 overflow=0 uses_scale=1 u=0.0625 fmin=0.015625 fmax=448 gmin=0.0078125 tol=0.000133615 nrmE=0.000353237 nrmF=1.00205e-09 nrmE+nrmF=0.000353238 underflows=251326 scale_groups=524288 s_min=8192 s_avg=8.79262e+18 s_max=1.88895e+22
[BOUND_EVAL] tile(5,2) fmt=mx_fp16 fits=1 overflow=0 uses_scale=1 u=0.000976562 fmin=6.10352e-05 fmax=65504 gmin=3.05176e-05 tol=0.000133615 nrmE=5.51933e-06 nrmF=2.18881e-11 nrmE+nrmF=5.51935e-06 underflows=28672 scale_groups=524288 s_min=8192 s_avg=8.79262e+18 s_max=1.88895e+22
[TILE_TARGET] (5, 2) mx_fp16
--- Tile (5, 2) selected for CUDA_R_32F (MX_FP16 Quantization) ---
  Tile Size: 16777216, MaxVals: 0.000209785, Mode: vec1d
[BOUND_DECISION] tile(5,2) selected=mx_fp16 reason=ladder_accept step=2 fp32_fit=0 fp16_fit=0 low_fit=0 fp32_overflow=0 fp16_overflow=0 low_overflow=0
[TILE_DTYPE] (5, 2) fp32
[BOUND_SELECT] tile(5,3) fp32_bucket=fp32 fp16_bucket=fp16 low_bucket=mx_e4m3 ladder=full low_order=e4m3_first ranking=legacy mode=vec1d subtile=32
[BOUND_EVAL] tile(5,3) fmt=e2m1 fits=0 overflow=0 uses_scale=1 u=0.25 fmin=1 fmax=6 gmin=0.5 tol=0.000133615 nrmE=0.00128128 nrmF=0.00263325 nrmE+nrmF=0.00391453 underflows=13907734 scale_groups=524288 s_min=8192 s_avg=2.64147e+16 s_max=7.3787e+19
[BOUND_EVAL] tile(5,3) fmt=mx_e4m3 fits=0 overflow=0 uses_scale=1 u=0.0625 fmin=0.015625 fmax=448 gmin=0.0078125 tol=0.000133615 nrmE=0.000320319 nrmF=1.68769e-06 nrmE+nrmF=0.000322007 underflows=160052 scale_groups=524288 s_min=8192 s_avg=2.64147e+16 s_max=7.3787e+19
[BOUND_EVAL] tile(5,3) fmt=mx_fp16 fits=1 overflow=0 uses_scale=1 u=0.000976562 fmin=6.10352e-05 fmax=65504 gmin=3.05176e-05 tol=0.000133615 nrmE=5.00498e-06 nrmF=6.15694e-12 nrmE+nrmF=5.00499e-06 underflows=39825 scale_groups=524288 s_min=8192 s_avg=2.64147e+16 s_max=7.3787e+19
[TILE_TARGET] (5, 3) mx_fp16
--- Tile (5, 3) selected for CUDA_R_32F (MX_FP16 Quantization) ---
  Tile Size: 16777216, MaxVals: 0.000187561, Mode: vec1d
[BOUND_DECISION] tile(5,3) selected=mx_fp16 reason=ladder_accept step=2 fp32_fit=0 fp16_fit=0 low_fit=0 fp32_overflow=0 fp16_overflow=0 low_overflow=0
[TILE_DTYPE] (5, 3) fp32
[BOUND_SELECT] tile(5,4) fp32_bucket=fp32 fp16_bucket=fp16 low_bucket=mx_e4m3 ladder=full low_order=e4m3_first ranking=legacy mode=vec1d subtile=32
[BOUND_EVAL] tile(5,4) fmt=e2m1 fits=0 overflow=0 uses_scale=1 u=0.25 fmin=1 fmax=6 gmin=0.5 tol=0.000133615 nrmE=17.4483 nrmF=35.5702 nrmE+nrmF=53.0185 underflows=12768649 scale_groups=524288 s_min=2 s_avg=4.52153e+07 s_max=6.87195e+10
[BOUND_EVAL] tile(5,4) fmt=mx_e4m3 fits=0 overflow=0 uses_scale=1 u=0.0625 fmin=0.015625 fmax=448 gmin=0.0078125 tol=0.000133615 nrmE=4.36207 nrmF=0.0860236 nrmE+nrmF=4.4481 underflows=233270 scale_groups=524288 s_min=2 s_avg=4.52153e+07 s_max=6.87195e+10
[BOUND_EVAL] tile(5,4) fmt=mx_fp16 fits=0 overflow=0 uses_scale=1 u=0.000976562 fmin=6.10352e-05 fmax=65504 gmin=3.05176e-05 tol=0.000133615 nrmE=0.0681574 nrmF=4.82634e-11 nrmE+nrmF=0.0681574 underflows=11508 scale_groups=524288 s_min=2 s_avg=4.52153e+07 s_max=6.87195e+10
[BOUND_EVAL] tile(5,4) fmt=fp32 fits=1 overflow=0 uses_scale=0 u=1.19209e-07 fmin=1.17549e-38 fmax=3.40282e+38 gmin=5.87747e-39 tol=0.000133615 nrmE=8.31999e-06 nrmF=0 nrmE+nrmF=8.31999e-06 underflows=0 scale_groups=0 s_min=1 s_avg=1 s_max=1
[TILE_TARGET] (5, 4) fp32
[BOUND_DECISION] tile(5,4) selected=fp32 reason=ladder_accept step=3 fp32_fit=1 fp16_fit=0 low_fit=0 fp32_overflow=0 fp16_overflow=0 low_overflow=0
[TILE_DTYPE] (5, 4) fp32

[DEBUG] Epsilon Ratio for Tile (5, 5): 2.73126
[DEBUG] Source Epsilon / FP32 Epsilon: 8.38861
[DEBUG] Low format cutoff (mx_e4m3): 1.59955e-05 (scale-aware=1)
[TILE_TARGET] (5, 5) fp64
[TILE_DTYPE] (5, 5) fp64
[BOUND_SELECT] tile(6,0) fp32_bucket=fp32 fp16_bucket=fp16 low_bucket=mx_e4m3 ladder=full low_order=e4m3_first ranking=legacy mode=vec1d subtile=32
[BOUND_EVAL] tile(6,0) fmt=e2m1 fits=0 overflow=0 uses_scale=1 u=0.25 fmin=1 fmax=6 gmin=0.5 tol=0.000133615 nrmE=0.000317998 nrmF=0.000639432 nrmE+nrmF=0.00095743 underflows=12544064 scale_groups=524288 s_min=32768 s_avg=2.01092e+16 s_max=3.68935e+19
[BOUND_EVAL] tile(6,0) fmt=mx_e4m3 fits=1 overflow=0 uses_scale=1 u=0.0625 fmin=0.015625 fmax=448 gmin=0.0078125 tol=0.000133615 nrmE=7.94994e-05 nrmF=3.32776e-08 nrmE+nrmF=7.95327e-05 underflows=158938 scale_groups=524288 s_min=32768 s_avg=2.01092e+16 s_max=3.68935e+19
[TILE_TARGET] (6, 0) mx_e4m3
--- Tile (6, 0) selected for CUDA_R_32F (MX_E4M3 Quantization) ---
  Tile Size: 16777216, MaxVals: 4.76138e-05, Mode: vec1d
[BOUND_DECISION] tile(6,0) selected=mx_e4m3 reason=ladder_accept step=1 fp32_fit=0 fp16_fit=0 low_fit=1 fp32_overflow=0 fp16_overflow=0 low_overflow=0
[TILE_DTYPE] (6, 0) fp32
[BOUND_SELECT] tile(6,1) fp32_bucket=fp32 fp16_bucket=fp16 low_bucket=mx_e4m3 ladder=full low_order=e4m3_first ranking=legacy mode=vec1d subtile=32
[BOUND_EVAL] tile(6,1) fmt=e2m1 fits=0 overflow=0 uses_scale=1 u=0.25 fmin=1 fmax=6 gmin=0.5 tol=0.000133615 nrmE=0.70524 nrmF=1.47022 nrmE+nrmF=2.17546 underflows=13006226 scale_groups=524288 s_min=8 s_avg=1.35098e+14 s_max=1.44115e+17
[BOUND_EVAL] tile(6,1) fmt=mx_e4m3 fits=0 overflow=0 uses_scale=1 u=0.0625 fmin=0.015625 fmax=448 gmin=0.0078125 tol=0.000133615 nrmE=0.17631 nrmF=0.000669767 nrmE+nrmF=0.17698 underflows=272672 scale_groups=524288 s_min=8 s_avg=1.35098e+14 s_max=1.44115e+17
[BOUND_EVAL] tile(6,1) fmt=mx_fp16 fits=0 overflow=0 uses_scale=1 u=0.000976562 fmin=6.10352e-05 fmax=65504 gmin=3.05176e-05 tol=0.000133615 nrmE=0.00275484 nrmF=1.75568e-08 nrmE+nrmF=0.00275486 underflows=75561 scale_groups=524288 s_min=8 s_avg=1.35098e+14 s_max=1.44115e+17
[BOUND_EVAL] tile(6,1) fmt=fp32 fits=1 overflow=0 uses_scale=0 u=1.19209e-07 fmin=1.17549e-38 fmax=3.40282e+38 gmin=5.87747e-39 tol=0.000133615 nrmE=3.36285e-07 nrmF=0 nrmE+nrmF=3.36285e-07 underflows=0 scale_groups=0 s_min=1 s_avg=1 s_max=1
[TILE_TARGET] (6, 1) fp32
[BOUND_DECISION] tile(6,1) selected=fp32 reason=ladder_accept step=3 fp32_fit=1 fp16_fit=0 low_fit=0 fp32_overflow=0 fp16_overflow=0 low_overflow=0
[TILE_DTYPE] (6, 1) fp32
[BOUND_SELECT] tile(6,2) fp32_bucket=fp32 fp16_bucket=fp16 low_bucket=mx_e4m3 ladder=full low_order=e4m3_first ranking=legacy mode=vec1d subtile=32
[BOUND_EVAL] tile(6,2) fmt=e2m1 fits=0 overflow=0 uses_scale=1 u=0.25 fmin=1 fmax=6 gmin=0.5 tol=0.000133615 nrmE=2.37636 nrmF=5.00866 nrmE+nrmF=7.38501 underflows=12496344 scale_groups=524288 s_min=2 s_avg=3.32214e+14 s_max=1.15292e+18
[BOUND_EVAL] tile(6,2) fmt=mx_e4m3 fits=0 overflow=0 uses_scale=1 u=0.0625 fmin=0.015625 fmax=448 gmin=0.0078125 tol=0.000133615 nrmE=0.594089 nrmF=1.2094e-05 nrmE+nrmF=0.594101 underflows=136605 scale_groups=524288 s_min=2 s_avg=3.32214e+14 s_max=1.15292e+18
[BOUND_EVAL] tile(6,2) fmt=mx_fp16 fits=0 overflow=0 uses_scale=1 u=0.000976562 fmin=6.10352e-05 fmax=65504 gmin=3.05176e-05 tol=0.000133615 nrmE=0.00928264 nrmF=1.32707e-07 nrmE+nrmF=0.00928277 underflows=26579 scale_groups=524288 s_min=2 s_avg=3.32214e+14 s_max=1.15292e+18
[BOUND_EVAL] tile(6,2) fmt=fp32 fits=1 overflow=0 uses_scale=0 u=1.19209e-07 fmin=1.17549e-38 fmax=3.40282e+38 gmin=5.87747e-39 tol=0.000133615 nrmE=1.13313e-06 nrmF=0 nrmE+nrmF=1.13313e-06 underflows=0 scale_groups=0 s_min=1 s_avg=1 s_max=1
[TILE_TARGET] (6, 2) fp32
[BOUND_DECISION] tile(6,2) selected=fp32 reason=ladder_accept step=3 fp32_fit=1 fp16_fit=0 low_fit=0 fp32_overflow=0 fp16_overflow=0 low_overflow=0
[TILE_DTYPE] (6, 2) fp32
[BOUND_SELECT] tile(6,3) fp32_bucket=fp32 fp16_bucket=fp16 low_bucket=mx_e4m3 ladder=full low_order=e4m3_first ranking=legacy mode=vec1d subtile=32
[BOUND_EVAL] tile(6,3) fmt=e2m1 fits=0 overflow=0 uses_scale=1 u=0.25 fmin=1 fmax=6 gmin=0.5 tol=0.000133615 nrmE=16.9565 nrmF=35.565 nrmE+nrmF=52.5215 underflows=12802656 scale_groups=524288 s_min=2 s_avg=1.34237e+11 s_max=1.1259e+15
[BOUND_EVAL] tile(6,3) fmt=mx_e4m3 fits=0 overflow=0 uses_scale=1 u=0.0625 fmin=0.015625 fmax=448 gmin=0.0078125 tol=0.000133615 nrmE=4.23913 nrmF=0.0684331 nrmE+nrmF=4.30756 underflows=111809 scale_groups=524288 s_min=2 s_avg=1.34237e+11 s_max=1.1259e+15
[BOUND_EVAL] tile(6,3) fmt=mx_fp16 fits=0 overflow=0 uses_scale=1 u=0.000976562 fmin=6.10352e-05 fmax=65504 gmin=3.05176e-05 tol=0.000133615 nrmE=0.0662364 nrmF=4.75632e-08 nrmE+nrmF=0.0662364 underflows=1864 scale_groups=524288 s_min=2 s_avg=1.34237e+11 s_max=1.1259e+15
[BOUND_EVAL] tile(6,3) fmt=fp32 fits=1 overflow=0 uses_scale=0 u=1.19209e-07 fmin=1.17549e-38 fmax=3.40282e+38 gmin=5.87747e-39 tol=0.000133615 nrmE=8.0855e-06 nrmF=0 nrmE+nrmF=8.0855e-06 underflows=0 scale_groups=0 s_min=1 s_avg=1 s_max=1
[TILE_TARGET] (6, 3) fp32
[BOUND_DECISION] tile(6,3) selected=fp32 reason=ladder_accept step=3 fp32_fit=1 fp16_fit=0 low_fit=0 fp32_overflow=0 fp16_overflow=0 low_overflow=0
[TILE_DTYPE] (6, 3) fp32
[BOUND_SELECT] tile(6,4) fp32_bucket=fp32 fp16_bucket=fp16 low_bucket=mx_e4m3 ladder=full low_order=e4m3_first ranking=legacy mode=vec1d subtile=32
[BOUND_EVAL] tile(6,4) fmt=e2m1 fits=0 overflow=0 uses_scale=1 u=0.25 fmin=1 fmax=6 gmin=0.5 tol=0.000133615 nrmE=11.4205 nrmF=23.8967 nrmE+nrmF=35.3172 underflows=13687553 scale_groups=524288 s_min=2 s_avg=2.12891e+13 s_max=9.0072e+15
[BOUND_EVAL] tile(6,4) fmt=mx_e4m3 fits=0 overflow=0 uses_scale=1 u=0.0625 fmin=0.015625 fmax=448 gmin=0.0078125 tol=0.000133615 nrmE=2.85514 nrmF=0.0705576 nrmE+nrmF=2.92569 underflows=315611 scale_groups=524288 s_min=2 s_avg=2.12891e+13 s_max=9.0072e+15
[BOUND_EVAL] tile(6,4) fmt=mx_fp16 fits=0 overflow=0 uses_scale=1 u=0.000976562 fmin=6.10352e-05 fmax=65504 gmin=3.05176e-05 tol=0.000133615 nrmE=0.0446115 nrmF=2.15036e-09 nrmE+nrmF=0.0446115 underflows=80462 scale_groups=524288 s_min=2 s_avg=2.12891e+13 s_max=9.0072e+15
[BOUND_EVAL] tile(6,4) fmt=fp32 fits=1 overflow=0 uses_scale=0 u=1.19209e-07 fmin=1.17549e-38 fmax=3.40282e+38 gmin=5.87747e-39 tol=0.000133615 nrmE=5.44574e-06 nrmF=0 nrmE+nrmF=5.44574e-06 underflows=0 scale_groups=0 s_min=1 s_avg=1 s_max=1
[TILE_TARGET] (6, 4) fp32
[BOUND_DECISION] tile(6,4) selected=fp32 reason=ladder_accept step=3 fp32_fit=1 fp16_fit=0 low_fit=0 fp32_overflow=0 fp16_overflow=0 low_overflow=0
[TILE_DTYPE] (6, 4) fp32
[BOUND_SELECT] tile(6,5) fp32_bucket=fp32 fp16_bucket=fp16 low_bucket=mx_e4m3 ladder=full low_order=e4m3_first ranking=legacy mode=vec1d subtile=32
[BOUND_EVAL] tile(6,5) fmt=e2m1 fits=0 overflow=0 uses_scale=1 u=0.25 fmin=1 fmax=6 gmin=0.5 tol=0.000133615 nrmE=8.05087 nrmF=16.6651 nrmE+nrmF=24.7159 underflows=13959104 scale_groups=524288 s_min=2 s_avg=1.9301e+14 s_max=2.8823e+17
[BOUND_EVAL] tile(6,5) fmt=mx_e4m3 fits=0 overflow=0 uses_scale=1 u=0.0625 fmin=0.015625 fmax=448 gmin=0.0078125 tol=0.000133615 nrmE=2.01272 nrmF=0.00471029 nrmE+nrmF=2.01743 underflows=225657 scale_groups=524288 s_min=2 s_avg=1.9301e+14 s_max=2.8823e+17
[BOUND_EVAL] tile(6,5) fmt=mx_fp16 fits=0 overflow=0 uses_scale=1 u=0.000976562 fmin=6.10352e-05 fmax=65504 gmin=3.05176e-05 tol=0.000133615 nrmE=0.0314487 nrmF=1.10909e-07 nrmE+nrmF=0.0314488 underflows=16322 scale_groups=524288 s_min=2 s_avg=1.9301e+14 s_max=2.8823e+17
[BOUND_EVAL] tile(6,5) fmt=fp32 fits=1 overflow=0 uses_scale=0 u=1.19209e-07 fmin=1.17549e-38 fmax=3.40282e+38 gmin=5.87747e-39 tol=0.000133615 nrmE=3.83896e-06 nrmF=0 nrmE+nrmF=3.83896e-06 underflows=0 scale_groups=0 s_min=1 s_avg=1 s_max=1
[TILE_TARGET] (6, 5) fp32
[BOUND_DECISION] tile(6,5) selected=fp32 reason=ladder_accept step=3 fp32_fit=1 fp16_fit=0 low_fit=0 fp32_overflow=0 fp16_overflow=0 low_overflow=0
[TILE_DTYPE] (6, 5) fp32

[DEBUG] Epsilon Ratio for Tile (6, 6): 2.71768
[DEBUG] Source Epsilon / FP32 Epsilon: 8.38861
[DEBUG] Low format cutoff (mx_e4m3): 1.59955e-05 (scale-aware=1)
[TILE_TARGET] (6, 6) fp64
[TILE_DTYPE] (6, 6) fp64
[BOUND_SELECT] tile(7,0) fp32_bucket=fp32 fp16_bucket=fp16 low_bucket=mx_e4m3 ladder=full low_order=e4m3_first ranking=legacy mode=vec1d subtile=32
[BOUND_EVAL] tile(7,0) fmt=e2m1 fits=1 overflow=0 uses_scale=1 u=0.25 fmin=1 fmax=6 gmin=0.5 tol=0.000133615 nrmE=3.65756e-08 nrmF=7.23583e-08 nrmE+nrmF=1.08934e-07 underflows=12153080 scale_groups=524288 s_min=2.68435e+08 s_avg=1.59882e+19 s_max=3.77789e+22
[TILE_TARGET] (7, 0) e2m1
--- Tile (7, 0) selected for CUDA_R_32F (MX_E2M1 Quantization) ---
  Tile Size: 16777216, MaxVals: 4.19308e-09, Mode: vec1d
[BOUND_DECISION] tile(7,0) selected=e2m1 reason=ladder_accept step=0 fp32_fit=0 fp16_fit=0 low_fit=0 fp32_overflow=0 fp16_overflow=0 low_overflow=0
[TILE_DTYPE] (7, 0) fp32
[BOUND_SELECT] tile(7,1) fp32_bucket=fp32 fp16_bucket=fp16 low_bucket=mx_e4m3 ladder=full low_order=e4m3_first ranking=legacy mode=vec1d subtile=32
[BOUND_EVAL] tile(7,1) fmt=e2m1 fits=0 overflow=0 uses_scale=1 u=0.25 fmin=1 fmax=6 gmin=0.5 tol=0.000133615 nrmE=0.00024787 nrmF=0.000483646 nrmE+nrmF=0.000731516 underflows=12388908 scale_groups=524288 s_min=32768 s_avg=2.18808e+16 s_max=3.68935e+19
[BOUND_EVAL] tile(7,1) fmt=mx_e4m3 fits=1 overflow=0 uses_scale=1 u=0.0625 fmin=0.015625 fmax=448 gmin=0.0078125 tol=0.000133615 nrmE=6.19675e-05 nrmF=7.51587e-08 nrmE+nrmF=6.20427e-05 underflows=313568 scale_groups=524288 s_min=32768 s_avg=2.18808e+16 s_max=3.68935e+19
[TILE_TARGET] (7, 1) mx_e4m3
--- Tile (7, 1) selected for CUDA_R_32F (MX_E4M3 Quantization) ---
  Tile Size: 16777216, MaxVals: 4.18872e-05, Mode: vec1d
[BOUND_DECISION] tile(7,1) selected=mx_e4m3 reason=ladder_accept step=1 fp32_fit=0 fp16_fit=0 low_fit=1 fp32_overflow=0 fp16_overflow=0 low_overflow=0
[TILE_DTYPE] (7, 1) fp32
[BOUND_SELECT] tile(7,2) fp32_bucket=fp32 fp16_bucket=fp16 low_bucket=mx_e4m3 ladder=full low_order=e4m3_first ranking=legacy mode=vec1d subtile=32
[BOUND_EVAL] tile(7,2) fmt=e2m1 fits=0 overflow=0 uses_scale=1 u=0.25 fmin=1 fmax=6 gmin=0.5 tol=0.000133615 nrmE=0.000436545 nrmF=0.000792049 nrmE+nrmF=0.00122859 underflows=12306123 scale_groups=524288 s_min=16384 s_avg=9.04122e+14 s_max=5.76461e+17
[BOUND_EVAL] tile(7,2) fmt=mx_e4m3 fits=1 overflow=0 uses_scale=1 u=0.0625 fmin=0.015625 fmax=448 gmin=0.0078125 tol=0.000133615 nrmE=0.000109136 nrmF=1.07298e-09 nrmE+nrmF=0.000109137 underflows=112327 scale_groups=524288 s_min=16384 s_avg=9.04122e+14 s_max=5.76461e+17
[TILE_TARGET] (7, 2) mx_e4m3
--- Tile (7, 2) selected for CUDA_R_32F (MX_E4M3 Quantization) ---
  Tile Size: 16777216, MaxVals: 6.56514e-05, Mode: vec1d
[BOUND_DECISION] tile(7,2) selected=mx_e4m3 reason=ladder_accept step=1 fp32_fit=0 fp16_fit=0 low_fit=1 fp32_overflow=0 fp16_overflow=0 low_overflow=0
[TILE_DTYPE] (7, 2) fp32
[BOUND_SELECT] tile(7,3) fp32_bucket=fp32 fp16_bucket=fp16 low_bucket=mx_e4m3 ladder=full low_order=e4m3_first ranking=legacy mode=vec1d subtile=32
[BOUND_EVAL] tile(7,3) fmt=e2m1 fits=0 overflow=0 uses_scale=1 u=0.25 fmin=1 fmax=6 gmin=0.5 tol=0.000133615 nrmE=0.00259616 nrmF=0.00488513 nrmE+nrmF=0.00748128 underflows=12376979 scale_groups=524288 s_min=8192 s_avg=1.76596e+11 s_max=2.81475e+14
[BOUND_EVAL] tile(7,3) fmt=mx_e4m3 fits=0 overflow=0 uses_scale=1 u=0.0625 fmin=0.015625 fmax=448 gmin=0.0078125 tol=0.000133615 nrmE=0.000649039 nrmF=1.03385e-05 nrmE+nrmF=0.000659378 underflows=96237 scale_groups=524288 s_min=8192 s_avg=1.76596e+11 s_max=2.81475e+14
[BOUND_EVAL] tile(7,3) fmt=mx_fp16 fits=1 overflow=0 uses_scale=1 u=0.000976562 fmin=6.10352e-05 fmax=65504 gmin=3.05176e-05 tol=0.000133615 nrmE=1.01412e-05 nrmF=0 nrmE+nrmF=1.01412e-05 underflows=0 scale_groups=524288 s_min=8192 s_avg=1.76596e+11 s_max=2.81475e+14
[TILE_TARGET] (7, 3) mx_fp16
--- Tile (7, 3) selected for CUDA_R_32F (MX_FP16 Quantization) ---
  Tile Size: 16777216, MaxVals: 0.000231836, Mode: vec1d
[BOUND_DECISION] tile(7,3) selected=mx_fp16 reason=ladder_accept step=2 fp32_fit=0 fp16_fit=0 low_fit=0 fp32_overflow=0 fp16_overflow=0 low_overflow=0
[TILE_DTYPE] (7, 3) fp32
[BOUND_SELECT] tile(7,4) fp32_bucket=fp32 fp16_bucket=fp16 low_bucket=mx_e4m3 ladder=full low_order=e4m3_first ranking=legacy mode=vec1d subtile=32
[BOUND_EVAL] tile(7,4) fmt=e2m1 fits=0 overflow=0 uses_scale=1 u=0.25 fmin=1 fmax=6 gmin=0.5 tol=0.000133615 nrmE=1.13058 nrmF=2.55577 nrmE+nrmF=3.68635 underflows=12965386 scale_groups=524288 s_min=4 s_avg=1.86082e+14 s_max=2.8823e+17
[BOUND_EVAL] tile(7,4) fmt=mx_e4m3 fits=0 overflow=0 uses_scale=1 u=0.0625 fmin=0.015625 fmax=448 gmin=0.0078125 tol=0.000133615 nrmE=0.282645 nrmF=0.000539064 nrmE+nrmF=0.283184 underflows=251774 scale_groups=524288 s_min=4 s_avg=1.86082e+14 s_max=2.8823e+17
[BOUND_EVAL] tile(7,4) fmt=mx_fp16 fits=0 overflow=0 uses_scale=1 u=0.000976562 fmin=6.10352e-05 fmax=65504 gmin=3.05176e-05 tol=0.000133615 nrmE=0.00441632 nrmF=9.97506e-11 nrmE+nrmF=0.00441632 underflows=74751 scale_groups=524288 s_min=4 s_avg=1.86082e+14 s_max=2.8823e+17
[BOUND_EVAL] tile(7,4) fmt=fp32 fits=1 overflow=0 uses_scale=0 u=1.19209e-07 fmin=1.17549e-38 fmax=3.40282e+38 gmin=5.87747e-39 tol=0.000133615 nrmE=5.39102e-07 nrmF=0 nrmE+nrmF=5.39102e-07 underflows=0 scale_groups=0 s_min=1 s_avg=1 s_max=1
[TILE_TARGET] (7, 4) fp32
[BOUND_DECISION] tile(7,4) selected=fp32 reason=ladder_accept step=3 fp32_fit=1 fp16_fit=0 low_fit=0 fp32_overflow=0 fp16_overflow=0 low_overflow=0
[TILE_DTYPE] (7, 4) fp32
[BOUND_SELECT] tile(7,5) fp32_bucket=fp32 fp16_bucket=fp16 low_bucket=mx_e4m3 ladder=full low_order=e4m3_first ranking=legacy mode=vec1d subtile=32
[BOUND_EVAL] tile(7,5) fmt=e2m1 fits=0 overflow=0 uses_scale=1 u=0.25 fmin=1 fmax=6 gmin=0.5 tol=0.000133615 nrmE=10.8385 nrmF=22.9002 nrmE+nrmF=33.7387 underflows=13613505 scale_groups=524288 s_min=2 s_avg=4.38355e+13 s_max=1.80144e+16
[BOUND_EVAL] tile(7,5) fmt=mx_e4m3 fits=0 overflow=0 uses_scale=1 u=0.0625 fmin=0.015625 fmax=448 gmin=0.0078125 tol=0.000133615 nrmE=2.70963 nrmF=0.0729226 nrmE+nrmF=2.78255 underflows=201887 scale_groups=524288 s_min=2 s_avg=4.38355e+13 s_max=1.80144e+16
[BOUND_EVAL] tile(7,5) fmt=mx_fp16 fits=0 overflow=0 uses_scale=1 u=0.000976562 fmin=6.10352e-05 fmax=65504 gmin=3.05176e-05 tol=0.000133615 nrmE=0.042338 nrmF=1.04038e-07 nrmE+nrmF=0.0423381 underflows=16384 scale_groups=524288 s_min=2 s_avg=4.38355e+13 s_max=1.80144e+16
[BOUND_EVAL] tile(7,5) fmt=fp32 fits=1 overflow=0 uses_scale=0 u=1.19209e-07 fmin=1.17549e-38 fmax=3.40282e+38 gmin=5.87747e-39 tol=0.000133615 nrmE=5.16821e-06 nrmF=0 nrmE+nrmF=5.16821e-06 underflows=0 scale_groups=0 s_min=1 s_avg=1 s_max=1
[TILE_TARGET] (7, 5) fp32
[BOUND_DECISION] tile(7,5) selected=fp32 reason=ladder_accept step=3 fp32_fit=1 fp16_fit=0 low_fit=0 fp32_overflow=0 fp16_overflow=0 low_overflow=0
[TILE_DTYPE] (7, 5) fp32
[BOUND_SELECT] tile(7,6) fp32_bucket=fp32 fp16_bucket=fp16 low_bucket=mx_e4m3 ladder=full low_order=e4m3_first ranking=legacy mode=vec1d subtile=32
[BOUND_EVAL] tile(7,6) fmt=e2m1 fits=0 overflow=0 uses_scale=1 u=0.25 fmin=1 fmax=6 gmin=0.5 tol=0.000133615 nrmE=18.1696 nrmF=37.6118 nrmE+nrmF=55.7814 underflows=12836015 scale_groups=524288 s_min=2 s_avg=5.49766e+07 s_max=1.37439e+11
[BOUND_EVAL] tile(7,6) fmt=mx_e4m3 fits=0 overflow=0 uses_scale=1 u=0.0625 fmin=0.015625 fmax=448 gmin=0.0078125 tol=0.000133615 nrmE=4.54241 nrmF=0.0969841 nrmE+nrmF=4.63939 underflows=160560 scale_groups=524288 s_min=2 s_avg=5.49766e+07 s_max=1.37439e+11
[BOUND_EVAL] tile(7,6) fmt=mx_fp16 fits=0 overflow=0 uses_scale=1 u=0.000976562 fmin=6.10352e-05 fmax=65504 gmin=3.05176e-05 tol=0.000133615 nrmE=0.0709751 nrmF=7.00293e-06 nrmE+nrmF=0.0709821 underflows=2558 scale_groups=524288 s_min=2 s_avg=5.49766e+07 s_max=1.37439e+11
[BOUND_EVAL] tile(7,6) fmt=fp32 fits=1 overflow=0 uses_scale=0 u=1.19209e-07 fmin=1.17549e-38 fmax=3.40282e+38 gmin=5.87747e-39 tol=0.000133615 nrmE=8.66395e-06 nrmF=0 nrmE+nrmF=8.66395e-06 underflows=0 scale_groups=0 s_min=1 s_avg=1 s_max=1
[TILE_TARGET] (7, 6) fp32
[BOUND_DECISION] tile(7,6) selected=fp32 reason=ladder_accept step=3 fp32_fit=1 fp16_fit=0 low_fit=0 fp32_overflow=0 fp16_overflow=0 low_overflow=0
[TILE_DTYPE] (7, 6) fp32

[DEBUG] Epsilon Ratio for Tile (7, 7): 2.72885
[DEBUG] Source Epsilon / FP32 Epsilon: 8.38861
[DEBUG] Low format cutoff (mx_e4m3): 1.59955e-05 (scale-aware=1)
[TILE_TARGET] (7, 7) fp64
[TILE_DTYPE] (7, 7) fp64
FLOPS: 2.204530
[TIMES] tile+quant(us): 448480679, factor(us): 5320102, uncompress(us): 0
Runtime: 483129304351 microseconds
error: 0.00018585
relative_error: 1.28332e-06
relative_residual: 1.79053e-07
kl_divergence: nan
